Loading Zephyr default modules (Zephyr base).
-- Application: /home/gaz/thingset-zephyr-sdk/thingset-zephyr-sdk.git/tests/thingset_isotp_fast
-- CMake version: 3.22.1
-- Found Python3: /usr/bin/python3.10 (found suitable exact version "3.10.12") found components: Interpreter 
-- Cache files will be written to: /home/gaz/.cache/zephyr
-- Zephyr version: 3.4.0 (/home/gaz/thingset-zephyr-sdk/zephyr)
-- Found west (found suitable version "1.2.0", minimum required is "0.14.0")
-- Board: native_posix_64
-- ZEPHYR_TOOLCHAIN_VARIANT not set, trying to locate Zephyr SDK
-- Found host-tools: zephyr 0.16.3 (/usr/local/zephyr-sdk)
-- Found toolchain: host (gcc/ld)
-- Found Dtc: /usr/local/zephyr-sdk/sysroots/aarch64-pokysdk-linux/usr/bin/dtc (found suitable version "1.6.0", minimum required is "1.4.6") 
-- Found BOARD.dts: /home/gaz/thingset-zephyr-sdk/zephyr/boards/posix/native_posix/native_posix_64.dts
-- Generated zephyr.dts: /home/gaz/thingset-zephyr-sdk/thingset-zephyr-sdk.git/twister-out/native_posix_64/thingset_isotp_fast/thingset_sdk.thingset_isotp_fast/zephyr/zephyr.dts
-- Generated devicetree_generated.h: /home/gaz/thingset-zephyr-sdk/thingset-zephyr-sdk.git/twister-out/native_posix_64/thingset_isotp_fast/thingset_sdk.thingset_isotp_fast/zephyr/include/generated/devicetree_generated.h
-- Including generated dts.cmake file: /home/gaz/thingset-zephyr-sdk/thingset-zephyr-sdk.git/twister-out/native_posix_64/thingset_isotp_fast/thingset_sdk.thingset_isotp_fast/zephyr/dts.cmake
Parsing /home/gaz/thingset-zephyr-sdk/zephyr/Kconfig
Loaded configuration '/home/gaz/thingset-zephyr-sdk/zephyr/boards/posix/native_posix/native_posix_64_defconfig'
Merged configuration '/home/gaz/thingset-zephyr-sdk/thingset-zephyr-sdk.git/tests/thingset_isotp_fast/prj.conf'
Merged configuration '/home/gaz/thingset-zephyr-sdk/thingset-zephyr-sdk.git/twister-out/native_posix_64/thingset_isotp_fast/thingset_sdk.thingset_isotp_fast/zephyr/misc/generated/extra_kconfig_options.conf'
Configuration saved to '/home/gaz/thingset-zephyr-sdk/thingset-zephyr-sdk.git/twister-out/native_posix_64/thingset_isotp_fast/thingset_sdk.thingset_isotp_fast/zephyr/.config'
Kconfig header saved to '/home/gaz/thingset-zephyr-sdk/thingset-zephyr-sdk.git/twister-out/native_posix_64/thingset_isotp_fast/thingset_sdk.thingset_isotp_fast/zephyr/include/generated/autoconf.h'
-- Found GnuLd: /usr/bin/ld.bfd (found version "2.38") 
-- The C compiler identification is GNU 11.4.0
-- The CXX compiler identification is GNU 11.4.0
-- The ASM compiler identification is GNU
-- Found assembler: /usr/bin/gcc
-- Configuring done
-- Generating done
-- Build files have been written to: /home/gaz/thingset-zephyr-sdk/thingset-zephyr-sdk.git/twister-out/native_posix_64/thingset_isotp_fast/thingset_sdk.thingset_isotp_fast
[1/136] Preparing syscall dependency handling

[2/136] Generating certs/isrgrootx1.der.inc
[3/136] Generating misc/generated/syscalls_subdirs.trigger
[4/136] Generating misc/generated/syscalls.json, misc/generated/struct_tags.json
[5/136] Generating include/generated/syscall_dispatch.c, include/generated/syscall_list.h
[6/136] Generating include/generated/driver-validation.h
[7/136] Generating include/generated/version.h
-- Zephyr version: 3.4.0 (/home/gaz/thingset-zephyr-sdk/zephyr), build: zephyr-v2.5.0-31748-gb7e659cdd308
[8/136] Generating include/generated/kobj-types-enum.h, include/generated/otype-to-str.h, include/generated/otype-to-size.h
[9/136] Building C object zephyr/CMakeFiles/offsets.dir/arch/posix/core/offsets/offsets.c.obj
[10/136] Generating include/generated/offsets.h
[11/136] Building C object CMakeFiles/app.dir/home/gaz/thingset-zephyr-sdk/thingset-zephyr-sdk.git/src/packetizer.c.obj
[12/136] Building C object CMakeFiles/app.dir/home/gaz/thingset-zephyr-sdk/thingset-zephyr-sdk.git/src/sdk.c.obj
[13/136] Building C object CMakeFiles/app.dir/src/main.c.obj
[14/136] Building C object CMakeFiles/app.dir/home/gaz/thingset-zephyr-sdk/thingset-zephyr-sdk.git/src/can.c.obj
/home/gaz/thingset-zephyr-sdk/thingset-zephyr-sdk.git/src/can.c: In function ‘isotp_fast_recv_error_callback’:
/home/gaz/thingset-zephyr-sdk/thingset-zephyr-sdk.git/src/can.c:467:26: warning: unused variable ‘ts_can’ [-Wunused-variable]
  467 |     struct thingset_can *ts_can = arg;
      |                          ^~~~~~
[15/136] Building C object CMakeFiles/app.dir/home/gaz/thingset-zephyr-sdk/thingset-zephyr-sdk.git/src/isotp_fast.c.obj
[16/136] Linking C static library app/libapp.a
[17/136] Building C object zephyr/CMakeFiles/zephyr.dir/lib/os/cbprintf_packaged.c.obj
[18/136] Building C object zephyr/CMakeFiles/zephyr.dir/lib/os/dec.c.obj
[19/136] Building C object zephyr/CMakeFiles/zephyr.dir/lib/os/hex.c.obj
[20/136] Building C object zephyr/CMakeFiles/zephyr.dir/lib/os/fdtable.c.obj
[21/136] Building C object zephyr/CMakeFiles/zephyr.dir/lib/os/printk.c.obj
[22/136] Building C object zephyr/CMakeFiles/zephyr.dir/lib/os/sem.c.obj
[23/136] Building C object zephyr/CMakeFiles/zephyr.dir/lib/os/thread_entry.c.obj
[24/136] Building C object zephyr/CMakeFiles/zephyr.dir/lib/os/timeutil.c.obj
[25/136] Building C object zephyr/CMakeFiles/zephyr.dir/lib/os/rb.c.obj
[26/136] Building C object zephyr/CMakeFiles/zephyr.dir/lib/os/heap.c.obj
[27/136] Building C object zephyr/CMakeFiles/zephyr.dir/lib/os/heap-validate.c.obj
[28/136] Building C object zephyr/CMakeFiles/zephyr.dir/lib/os/bitarray.c.obj
[29/136] Building C object zephyr/CMakeFiles/zephyr.dir/lib/os/multi_heap.c.obj
[30/136] Building C object zephyr/CMakeFiles/zephyr.dir/lib/os/crc32c_sw.c.obj
[31/136] Building C object zephyr/CMakeFiles/zephyr.dir/lib/os/crc32_sw.c.obj
[32/136] Building C object zephyr/CMakeFiles/zephyr.dir/lib/os/crc16_sw.c.obj
[33/136] Building C object zephyr/CMakeFiles/zephyr.dir/lib/os/crc7_sw.c.obj
[34/136] Building C object zephyr/CMakeFiles/zephyr.dir/lib/os/crc8_sw.c.obj
[35/136] Building C object zephyr/CMakeFiles/zephyr.dir/lib/os/cbprintf.c.obj
[36/136] Building C object zephyr/CMakeFiles/zephyr.dir/misc/generated/configs.c.obj
[37/136] Building C object zephyr/CMakeFiles/zephyr.dir/lib/os/assert.c.obj
[38/136] Building C object zephyr/CMakeFiles/zephyr.dir/lib/os/cbprintf_complete.c.obj
[39/136] Building C object zephyr/CMakeFiles/zephyr.dir/subsys/logging/log_cache.c.obj
[40/136] Building C object zephyr/CMakeFiles/zephyr.dir/subsys/logging/log_core.c.obj
[41/136] Building C object zephyr/CMakeFiles/zephyr.dir/subsys/logging/log_mgmt.c.obj
[42/136] Building C object zephyr/CMakeFiles/zephyr.dir/subsys/logging/log_msg.c.obj
[43/136] Building C object zephyr/CMakeFiles/zephyr.dir/subsys/logging/backends/log_backend_native_posix.c.obj
[44/136] Building C object zephyr/CMakeFiles/zephyr.dir/subsys/logging/log_output.c.obj
[45/136] Building C object zephyr/CMakeFiles/zephyr.dir/subsys/tracing/tracing_none.c.obj
[46/136] Building C object zephyr/CMakeFiles/zephyr.dir/subsys/net/lib/utils/addr_utils.c.obj
[47/136] Generating linker_zephyr_pre0.cmd
[48/136] Linking C static library zephyr/libzephyr.a
[49/136] Generating linker_zephyr_pre1.cmd
[50/136] Building C object zephyr/CMakeFiles/zephyr_pre0.dir/misc/empty_file.c.obj
[51/136] Building C object zephyr/arch/arch/posix/core/CMakeFiles/arch__posix__core.dir/irq.c.obj
[52/136] Building C object zephyr/arch/arch/posix/core/CMakeFiles/arch__posix__core.dir/cpuhalt.c.obj
[53/136] Building C object zephyr/arch/arch/posix/core/CMakeFiles/arch__posix__core.dir/swap.c.obj
[54/136] Building C object zephyr/arch/arch/posix/core/CMakeFiles/arch__posix__core.dir/fatal.c.obj
[55/136] Building C object zephyr/arch/arch/posix/core/CMakeFiles/arch__posix__core.dir/posix_core.c.obj
[56/136] Building C object zephyr/arch/arch/posix/core/CMakeFiles/arch__posix__core.dir/thread.c.obj
[57/136] Linking C static library zephyr/arch/arch/posix/core/libarch__posix__core.a
[58/136] Building C object zephyr/soc/posix/inf_clock/CMakeFiles/soc__posix__inf_clock.dir/soc.c.obj
[59/136] Building C object zephyr/boards/posix/native_posix/CMakeFiles/boards__posix__native_posix.dir/hw_models_top.c.obj
[60/136] Linking C static library zephyr/soc/posix/inf_clock/libsoc__posix__inf_clock.a
[61/136] Building C object zephyr/boards/posix/native_posix/CMakeFiles/boards__posix__native_posix.dir/timer_model.c.obj
[62/136] Building C object zephyr/boards/posix/native_posix/CMakeFiles/boards__posix__native_posix.dir/native_rtc.c.obj
[63/136] Building C object zephyr/boards/posix/native_posix/CMakeFiles/boards__posix__native_posix.dir/irq_handler.c.obj
[64/136] Building C object zephyr/boards/posix/native_posix/CMakeFiles/boards__posix__native_posix.dir/main.c.obj
[65/136] Building C object zephyr/boards/posix/native_posix/CMakeFiles/boards__posix__native_posix.dir/tracing.c.obj
[66/136] Building C object zephyr/boards/posix/native_posix/CMakeFiles/boards__posix__native_posix.dir/irq_ctrl.c.obj
[67/136] Building C object zephyr/boards/posix/native_posix/CMakeFiles/boards__posix__native_posix.dir/cpu_wait.c.obj
[68/136] Building C object zephyr/boards/posix/native_posix/CMakeFiles/boards__posix__native_posix.dir/cmdline.c.obj
[69/136] Building C object zephyr/boards/posix/native_posix/CMakeFiles/boards__posix__native_posix.dir/hw_counter.c.obj
[70/136] Building C object zephyr/boards/posix/native_posix/CMakeFiles/boards__posix__native_posix.dir/cmdline_common.c.obj
[71/136] Linking C static library zephyr/boards/posix/native_posix/libboards__posix__native_posix.a
[72/136] Building C object zephyr/subsys/random/CMakeFiles/subsys__random.dir/rand32_entropy_device.c.obj
[73/136] Linking C static library zephyr/subsys/random/libsubsys__random.a
[74/136] Building C object zephyr/subsys/testsuite/ztest/CMakeFiles/subsys__testsuite__ztest.dir/src/ztest_error_hook.c.obj
[75/136] Building C object zephyr/subsys/testsuite/ztest/CMakeFiles/subsys__testsuite__ztest.dir/src/ztest_rules.c.obj
[76/136] Building C object zephyr/subsys/testsuite/ztest/CMakeFiles/subsys__testsuite__ztest.dir/src/ztest_new.c.obj
[77/136] Building C object zephyr/subsys/testsuite/ztest/CMakeFiles/subsys__testsuite__ztest.dir/src/ztest_posix.c.obj
[78/136] Linking C static library zephyr/subsys/testsuite/ztest/libsubsys__testsuite__ztest.a
[79/136] Building C object zephyr/subsys/canbus/isotp/CMakeFiles/subsys__canbus__isotp.dir/isotp.c.obj
[80/136] Linking C static library zephyr/subsys/canbus/isotp/libsubsys__canbus__isotp.a
[81/136] Building C object zephyr/subsys/net/CMakeFiles/subsys__net.dir/buf.c.obj
[82/136] Building C object zephyr/subsys/net/CMakeFiles/subsys__net.dir/buf_simple.c.obj
[83/136] Linking C static library zephyr/subsys/net/libsubsys__net.a
[84/136] Building C object zephyr/drivers/can/CMakeFiles/drivers__can.dir/can_loopback.c.obj
[85/136] Building C object zephyr/drivers/console/CMakeFiles/drivers__console.dir/posix_arch_console.c.obj
[86/136] Building C object zephyr/drivers/can/CMakeFiles/drivers__can.dir/can_common.c.obj
[87/136] Linking C static library zephyr/drivers/console/libdrivers__console.a
[88/136] Building C object zephyr/drivers/entropy/CMakeFiles/drivers__entropy.dir/fake_entropy_native_posix.c.obj
[89/136] Linking C static library zephyr/drivers/can/libdrivers__can.a
[90/136] Linking C static library zephyr/drivers/entropy/libdrivers__entropy.a
[91/136] Building C object zephyr/drivers/hwinfo/CMakeFiles/drivers__hwinfo.dir/hwinfo_weak_impl.c.obj
[92/136] Building C object zephyr/drivers/timer/CMakeFiles/drivers__timer.dir/sys_clock_init.c.obj
[93/136] Linking C static library zephyr/drivers/hwinfo/libdrivers__hwinfo.a
[94/136] Building C object zephyr/drivers/timer/CMakeFiles/drivers__timer.dir/native_posix_timer.c.obj
[95/136] Linking C static library zephyr/drivers/timer/libdrivers__timer.a
[96/136] Building C object modules/thingset-node-c/src/CMakeFiles/thingset.dir/thingset_common.c.obj
[97/136] Building C object modules/thingset-node-c/src/CMakeFiles/thingset.dir/thingset_bin.c.obj
[98/136] Building C object modules/thingset-node-c/src/CMakeFiles/thingset.dir/thingset.c.obj
[99/136] Building C object modules/zcbor/CMakeFiles/modules__zcbor.dir/home/gaz/thingset-zephyr-sdk/modules/lib/zcbor/src/zcbor_common.c.obj
[100/136] Building C object modules/zcbor/CMakeFiles/modules__zcbor.dir/home/gaz/thingset-zephyr-sdk/modules/lib/zcbor/src/zcbor_decode.c.obj
[101/136] Building C object modules/zcbor/CMakeFiles/modules__zcbor.dir/home/gaz/thingset-zephyr-sdk/modules/lib/zcbor/src/zcbor_encode.c.obj
[102/136] Linking C static library modules/zcbor/libmodules__zcbor.a
[103/136] Building C object zephyr/kernel/CMakeFiles/kernel.dir/main_weak.c.obj
[104/136] Building C object modules/thingset-node-c/src/CMakeFiles/thingset.dir/thingset_txt.c.obj
[105/136] Building C object zephyr/kernel/CMakeFiles/kernel.dir/banner.c.obj
[106/136] Linking C static library modules/thingset-node-c/src/libthingset.a
[107/136] Building C object zephyr/kernel/CMakeFiles/kernel.dir/device.c.obj
[108/136] Building C object zephyr/kernel/CMakeFiles/kernel.dir/errno.c.obj
[109/136] Building C object zephyr/kernel/CMakeFiles/kernel.dir/fatal.c.obj
[110/136] Building C object zephyr/kernel/CMakeFiles/kernel.dir/kheap.c.obj
[111/136] Building C object zephyr/kernel/CMakeFiles/kernel.dir/init.c.obj
[112/136] Building C object zephyr/kernel/CMakeFiles/kernel.dir/mem_slab.c.obj
[113/136] Building C object zephyr/kernel/CMakeFiles/kernel.dir/version.c.obj
[114/136] Building C object zephyr/kernel/CMakeFiles/kernel.dir/idle.c.obj
[115/136] Building C object zephyr/kernel/CMakeFiles/kernel.dir/thread.c.obj
[116/136] Building C object zephyr/kernel/CMakeFiles/kernel.dir/mailbox.c.obj
[117/136] Building C object zephyr/kernel/CMakeFiles/kernel.dir/mutex.c.obj
[118/136] Building C object zephyr/kernel/CMakeFiles/kernel.dir/msg_q.c.obj
[119/136] Building C object zephyr/kernel/CMakeFiles/kernel.dir/sem.c.obj
[120/136] Building C object zephyr/kernel/CMakeFiles/kernel.dir/system_work_q.c.obj
[121/136] Building C object zephyr/kernel/CMakeFiles/kernel.dir/queue.c.obj
[122/136] Building C object zephyr/kernel/CMakeFiles/kernel.dir/stack.c.obj
[123/136] Building C object zephyr/kernel/CMakeFiles/kernel.dir/condvar.c.obj
[124/136] Building C object zephyr/kernel/CMakeFiles/kernel.dir/timeout.c.obj
[125/136] Building C object zephyr/kernel/CMakeFiles/kernel.dir/work.c.obj
[126/136] Building C object zephyr/kernel/CMakeFiles/kernel.dir/timer.c.obj
[127/136] Building C object zephyr/kernel/CMakeFiles/kernel.dir/events.c.obj
[128/136] Building C object zephyr/kernel/CMakeFiles/kernel.dir/sched.c.obj
[129/136] Building C object zephyr/kernel/CMakeFiles/kernel.dir/poll.c.obj
[130/136] Building C object zephyr/kernel/CMakeFiles/kernel.dir/mempool.c.obj
[131/136] Linking C static library zephyr/kernel/libkernel.a
[132/136] Linking C executable zephyr/zephyr_pre0.elf

[133/136] Generating dev_handles.c
[134/136] Building C object zephyr/CMakeFiles/zephyr_pre1.dir/misc/empty_file.c.obj
[135/136] Building C object zephyr/CMakeFiles/zephyr_pre1.dir/dev_handles.c.obj
[136/136] Linking C executable zephyr/zephyr.elf

