2023-10-22 11:47:25,235 - twister - INFO - Using Ninja..
2023-10-22 11:47:25,414 - twister - INFO - Zephyr version: zephyr-v2.5.0-31748-gb7e659cdd308
2023-10-22 11:47:25,416 - twister - DEBUG - Running cmake script /home/gaz/thingset-zephyr-sdk/zephyr/cmake/verify-toolchain.cmake
2023-10-22 11:47:25,417 - twister - DEBUG - Calling cmake: /usr/bin/cmake -DFORMAT=json -P /home/gaz/thingset-zephyr-sdk/zephyr/cmake/verify-toolchain.cmake
2023-10-22 11:47:25,557 - twister - DEBUG - Finished running  /home/gaz/thingset-zephyr-sdk/zephyr/cmake/verify-toolchain.cmake
2023-10-22 11:47:25,557 - twister - INFO - Using 'zephyr' toolchain.
2023-10-22 11:47:25,643 - twister - DEBUG - Reading test case configuration files under /home/gaz/thingset-zephyr-sdk/thingset-zephyr-sdk.git/tests...
2023-10-22 11:47:25,643 - twister - DEBUG - Found possible testsuite in /home/gaz/thingset-zephyr-sdk/thingset-zephyr-sdk.git/tests/isotp_fast/conformance_async
2023-10-22 11:47:25,645 - twister - DEBUG - Found possible testsuite in /home/gaz/thingset-zephyr-sdk/thingset-zephyr-sdk.git/tests/isotp_fast/conformance_sync
2023-10-22 11:47:25,646 - twister - DEBUG - Found possible testsuite in /home/gaz/thingset-zephyr-sdk/thingset-zephyr-sdk.git/tests/isotp_fast/conformance_async_fd
2023-10-22 11:47:25,647 - twister - DEBUG - Found possible testsuite in /home/gaz/thingset-zephyr-sdk/thingset-zephyr-sdk.git/tests/thingset_isotp_fast
2023-10-22 11:47:25,648 - twister - DEBUG - Found possible testsuite in /home/gaz/thingset-zephyr-sdk/thingset-zephyr-sdk.git/tests/can
2023-10-22 11:47:25,649 - twister - DEBUG - No duplicates found.
2023-10-22 11:47:25,650 - twister - DEBUG - Reading platform configuration files under /home/gaz/thingset-zephyr-sdk/zephyr/boards...
2023-10-22 11:47:25,670 - twister - DEBUG - adding qemu_cortex_a53_smp to default platforms
2023-10-22 11:47:25,671 - twister - DEBUG - adding qemu_cortex_a53_xip to default platforms
2023-10-22 11:47:25,671 - twister - DEBUG - adding qemu_cortex_a53 to default platforms
2023-10-22 11:47:25,673 - twister - DEBUG - adding qemu_leon3 to default platforms
2023-10-22 11:47:25,674 - twister - DEBUG - adding mps2_an521_ns to default platforms
2023-10-22 11:47:25,674 - twister - DEBUG - adding mps2_an521_remote to default platforms
2023-10-22 11:47:25,675 - twister - DEBUG - adding mps2_an521 to default platforms
2023-10-22 11:47:25,689 - twister - DEBUG - adding qemu_cortex_m0 to default platforms
2023-10-22 11:47:25,833 - twister - DEBUG - adding mps2_an385 to default platforms
2023-10-22 11:47:25,843 - twister - DEBUG - adding qemu_cortex_r5 to default platforms
2023-10-22 11:47:25,865 - twister - DEBUG - adding qemu_cortex_a9 to default platforms
2023-10-22 11:47:25,944 - twister - DEBUG - adding mps3_an547_ns to default platforms
2023-10-22 11:47:25,960 - twister - DEBUG - adding qemu_riscv64 to default platforms
2023-10-22 11:47:25,961 - twister - DEBUG - adding qemu_riscv64_smp to default platforms
2023-10-22 11:47:25,964 - twister - DEBUG - adding qemu_riscv32 to default platforms
2023-10-22 11:47:25,964 - twister - DEBUG - adding qemu_riscv32_xip to default platforms
2023-10-22 11:47:25,965 - twister - DEBUG - adding qemu_riscv32_smp to default platforms
2023-10-22 11:47:25,966 - twister - DEBUG - adding qemu_riscv32e to default platforms
2023-10-22 11:47:25,967 - twister - DEBUG - adding m2gl025_miv to default platforms
2023-10-22 11:47:25,975 - twister - DEBUG - adding native_posix to default platforms
2023-10-22 11:47:25,976 - twister - DEBUG - adding qemu_malta_be to default platforms
2023-10-22 11:47:25,976 - twister - DEBUG - adding qemu_malta to default platforms
2023-10-22 11:47:25,978 - twister - DEBUG - adding nsim_hs_mpuv6 to default platforms
2023-10-22 11:47:25,979 - twister - DEBUG - adding nsim_sem to default platforms
2023-10-22 11:47:25,983 - twister - DEBUG - adding nsim_hs_smp to default platforms
2023-10-22 11:47:25,995 - twister - DEBUG - adding qemu_arc_em to default platforms
2023-10-22 11:47:25,996 - twister - DEBUG - adding qemu_arc_hs_xip to default platforms
2023-10-22 11:47:25,996 - twister - DEBUG - adding qemu_arc_hs6x to default platforms
2023-10-22 11:47:25,997 - twister - DEBUG - adding qemu_arc_hs5x to default platforms
2023-10-22 11:47:25,998 - twister - DEBUG - adding qemu_arc_hs to default platforms
2023-10-22 11:47:25,999 - twister - DEBUG - adding qemu_nios2 to default platforms
2023-10-22 11:47:26,001 - twister - DEBUG - adding xt-sim to default platforms
2023-10-22 11:47:26,006 - twister - DEBUG - adding qemu_xtensa to default platforms
2023-10-22 11:47:26,015 - twister - DEBUG - adding qemu_x86_64_nokpti to default platforms
2023-10-22 11:47:26,016 - twister - DEBUG - adding qemu_x86 to default platforms
2023-10-22 11:47:26,016 - twister - DEBUG - adding qemu_x86_xip to default platforms
2023-10-22 11:47:26,017 - twister - DEBUG - adding qemu_x86_nopae to default platforms
2023-10-22 11:47:26,017 - twister - DEBUG - adding qemu_x86_nokpti to default platforms
2023-10-22 11:47:26,018 - twister - DEBUG - adding qemu_x86_tiny to default platforms
2023-10-22 11:47:26,019 - twister - DEBUG - adding qemu_x86_64 to default platforms
2023-10-22 11:47:26,019 - twister - DEBUG - adding qemu_x86_nommu to default platforms
2023-10-22 11:47:26,020 - twister - DEBUG - adding qemu_x86_virt to default platforms
2023-10-22 11:47:26,021 - twister - DEBUG - adding qemu_x86_lakemont to default platforms
2023-10-22 11:47:26,021 - twister - DEBUG - Reading platform configuration files under /home/gaz/thingset-zephyr-sdk/zephyr/scripts/pylib/twister/boards...
2023-10-22 11:47:26,021 - twister - DEBUG - adding unit_testing to default platforms
2023-10-22 11:47:26,022 - twister - DEBUG - platform filter: []
2023-10-22 11:47:26,022 - twister - DEBUG -     arch_filter: None
2023-10-22 11:47:26,022 - twister - DEBUG -      tag_filter: None
2023-10-22 11:47:26,022 - twister - DEBUG -     exclude_tag: None
2023-10-22 11:47:26,022 - twister - INFO - Selecting default platforms per test case
2023-10-22 11:47:26,022 - twister - INFO - Building initial testsuite list...
2023-10-22 11:47:26,022 - twister - INFO - Writing JSON report /home/gaz/thingset-zephyr-sdk/thingset-zephyr-sdk.git/twister-out/testplan.json
2023-10-22 11:47:26,029 - twister - INFO - JOBS: 2
2023-10-22 11:47:26,030 - twister - INFO - Adding tasks to the queue...
2023-10-22 11:47:26,030 - twister - DEBUG - adding native_posix_64/isotp_fast/conformance_async/thingset_sdk.isotp_fast.conformance.async
2023-10-22 11:47:26,030 - twister - DEBUG - adding native_posix_64/isotp_fast/conformance_sync/thingset_sdk.isotp_fast.conformance.sync
2023-10-22 11:47:26,030 - twister - DEBUG - adding native_posix_64/isotp_fast/conformance_async_fd/thingset_sdk.isotp_fast.conformance.async.fd
2023-10-22 11:47:26,031 - twister - DEBUG - adding native_posix_64/thingset_isotp_fast/thingset_sdk.thingset_isotp_fast
2023-10-22 11:47:26,031 - twister - DEBUG - adding native_posix_64/can/thingset_sdk.can
2023-10-22 11:47:26,031 - twister - INFO - Added initial list of jobs to queue
2023-10-22 11:47:26,031 - twister - DEBUG - Launch process 0
2023-10-22 11:47:26,031 - twister - DEBUG - Launch process 1
2023-10-22 11:47:26,035 - twister - DEBUG - Running cmake on /home/gaz/thingset-zephyr-sdk/thingset-zephyr-sdk.git/tests/can for native_posix_64
2023-10-22 11:47:26,035 - twister - DEBUG - Calling cmake: /usr/bin/cmake -B/home/gaz/thingset-zephyr-sdk/thingset-zephyr-sdk.git/twister-out/native_posix_64/can/thingset_sdk.can -DTC_RUNID=50df3c44ff626235d8850a45ac3e47bc -DCONFIG_COMPILER_WARNINGS_AS_ERRORS=y -DEXTRA_GEN_DEFINES_ARGS=--edtlib-Werror -GNinja -S/home/gaz/thingset-zephyr-sdk/thingset-zephyr-sdk.git/tests/can -DEXTRA_CFLAGS=-Wno-error -DBOARD=native_posix_64
2023-10-22 11:47:26,036 - twister - DEBUG - Running cmake on /home/gaz/thingset-zephyr-sdk/thingset-zephyr-sdk.git/tests/thingset_isotp_fast for native_posix_64
2023-10-22 11:47:26,037 - twister - DEBUG - Calling cmake: /usr/bin/cmake -B/home/gaz/thingset-zephyr-sdk/thingset-zephyr-sdk.git/twister-out/native_posix_64/thingset_isotp_fast/thingset_sdk.thingset_isotp_fast -DTC_RUNID=a7c31171e55f412f1149abe429e85f08 -DCONFIG_COMPILER_WARNINGS_AS_ERRORS=y -DEXTRA_GEN_DEFINES_ARGS=--edtlib-Werror -GNinja -S/home/gaz/thingset-zephyr-sdk/thingset-zephyr-sdk.git/tests/thingset_isotp_fast -DEXTRA_CFLAGS=-Wno-error -DBOARD=native_posix_64
2023-10-22 11:47:28,404 - twister - DEBUG - Finished building /home/gaz/thingset-zephyr-sdk/thingset-zephyr-sdk.git/tests/thingset_isotp_fast for native_posix_64
2023-10-22 11:47:28,405 - twister - DEBUG - build test: native_posix_64/thingset_isotp_fast/thingset_sdk.thingset_isotp_fast
2023-10-22 11:47:28,405 - twister - DEBUG - Building /home/gaz/thingset-zephyr-sdk/thingset-zephyr-sdk.git/tests/thingset_isotp_fast for native_posix_64
2023-10-22 11:47:28,867 - twister - DEBUG - Finished building /home/gaz/thingset-zephyr-sdk/thingset-zephyr-sdk.git/tests/can for native_posix_64
2023-10-22 11:47:28,868 - twister - DEBUG - build test: native_posix_64/can/thingset_sdk.can
2023-10-22 11:47:28,868 - twister - DEBUG - Building /home/gaz/thingset-zephyr-sdk/thingset-zephyr-sdk.git/tests/can for native_posix_64
2023-10-22 11:47:38,118 - twister - DEBUG - Determine test cases for test instance: native_posix_64/thingset_isotp_fast/thingset_sdk.thingset_isotp_fast
2023-10-22 11:47:38,118 - twister - DEBUG - Determine test cases for test suite: thingset_sdk.thingset_isotp_fast
2023-10-22 11:47:38,119 - twister - DEBUG - Test instance native_posix_64/thingset_isotp_fast/thingset_sdk.thingset_isotp_fast already has 2 cases.
2023-10-22 11:47:38,191 - twister - DEBUG - run test: native_posix_64/thingset_isotp_fast/thingset_sdk.thingset_isotp_fast
2023-10-22 11:47:38,191 - twister - DEBUG - Spawning process: /home/gaz/thingset-zephyr-sdk/thingset-zephyr-sdk.git/twister-out/native_posix_64/thingset_isotp_fast/thingset_sdk.thingset_isotp_fast/zephyr/zephyr.exe
in directory: /home/gaz/thingset-zephyr-sdk/thingset-zephyr-sdk.git/twister-out/native_posix_64/thingset_isotp_fast/thingset_sdk.thingset_isotp_fast
2023-10-22 11:47:38,206 - twister - DEBUG - Spawning BinaryHandler Thread for native_posix_64/thingset_isotp_fast/thingset_sdk.thingset_isotp_fast
2023-10-22 11:47:38,226 - twister - DEBUG - OUTPUT: [00:00:00.000,000] [0m<inf> can_loopback: Init of can_loopback0 done[0m
2023-10-22 11:47:38,230 - twister - DEBUG - OUTPUT: *** Booting Zephyr OS build zephyr-v2.5.0-31748-gb7e659cdd308 ***
2023-10-22 11:47:38,235 - twister - DEBUG - OUTPUT: [00:00:00.000,000] [0m<inf> thingset_sdk: ThingSet Node ID (EUI-64): 44D06FE77A50AA65[0m
2023-10-22 11:47:38,235 - twister - DEBUG - OUTPUT: Running TESTSUITE thingset_isotp_fast
2023-10-22 11:47:38,238 - twister - DEBUG - OUTPUT: ===================================================================
2023-10-22 11:47:38,249 - twister - DEBUG - OUTPUT: [00:00:00.510,000] [0m<inf> thingset_can: Received address claim from node 0x01 with EUI-64 44-d0-6f-e7-7a-50-aa-01[0m
2023-10-22 11:47:38,250 - twister - DEBUG - OUTPUT: [00:00:00.510,000] [0m<inf> thingset_can: Using CAN node address 0x01[0m
2023-10-22 11:47:38,261 - twister - DEBUG - OUTPUT: [00:00:00.510,000] [0m<inf> isotp_fast: Successfully bound to 18000100:3ffff00[0m
2023-10-22 11:47:38,271 - twister - DEBUG - OUTPUT: START - test_receive_report_from_node
2023-10-22 11:47:38,274 - twister - DEBUG - OUTPUT:  PASS - test_receive_report_from_node in 0.000 seconds
2023-10-22 11:47:38,278 - twister - DEBUG - OUTPUT: ===================================================================
2023-10-22 11:47:38,279 - twister - DEBUG - OUTPUT: START - test_send_request_to_node
2023-10-22 11:47:38,280 - twister - DEBUG - OUTPUT:  PASS - test_send_request_to_node in 0.000 seconds
2023-10-22 11:47:38,280 - twister - DEBUG - OUTPUT: ===================================================================
2023-10-22 11:47:38,280 - twister - DEBUG - OUTPUT: TESTSUITE thingset_isotp_fast succeeded
2023-10-22 11:47:38,280 - twister - DEBUG - OUTPUT: ===================================================================
2023-10-22 11:47:38,280 - twister - DEBUG - OUTPUT: RunID: a7c31171e55f412f1149abe429e85f08
2023-10-22 11:47:38,280 - twister - DEBUG - OUTPUT: PROJECT EXECUTION SUCCESSFUL
2023-10-22 11:47:38,281 - twister - DEBUG - Expected suite names:['thingset_isotp_fast']
2023-10-22 11:47:38,281 - twister - DEBUG - Detected suite names:['thingset_isotp_fast']
2023-10-22 11:47:38,281 - twister - DEBUG - run status: native_posix_64/thingset_isotp_fast/thingset_sdk.thingset_isotp_fast passed
2023-10-22 11:47:38,282 - twister - DEBUG - Running cmake on /home/gaz/thingset-zephyr-sdk/thingset-zephyr-sdk.git/tests/isotp_fast/conformance_async_fd for native_posix_64
2023-10-22 11:47:38,283 - twister - DEBUG - Calling cmake: /usr/bin/cmake -B/home/gaz/thingset-zephyr-sdk/thingset-zephyr-sdk.git/twister-out/native_posix_64/isotp_fast/conformance_async_fd/thingset_sdk.isotp_fast.conformance.async.fd -DTC_RUNID=c3fd5653ec16d6a50d08e5c2403a9e15 -DCONFIG_COMPILER_WARNINGS_AS_ERRORS=y -DEXTRA_GEN_DEFINES_ARGS=--edtlib-Werror -GNinja -S/home/gaz/thingset-zephyr-sdk/thingset-zephyr-sdk.git/tests/isotp_fast/conformance_async_fd -DBOARD=native_posix_64 -DMODULES=dts -P/home/gaz/thingset-zephyr-sdk/zephyr/cmake/package_helper.cmake
2023-10-22 11:47:38,474 - twister - DEBUG - Determine test cases for test instance: native_posix_64/can/thingset_sdk.can
2023-10-22 11:47:38,474 - twister - DEBUG - Determine test cases for test suite: thingset_sdk.can
2023-10-22 11:47:38,475 - twister - DEBUG - Test instance native_posix_64/can/thingset_sdk.can already has 2 cases.
2023-10-22 11:47:38,512 - twister - DEBUG - run test: native_posix_64/can/thingset_sdk.can
2023-10-22 11:47:38,512 - twister - DEBUG - Spawning process: /home/gaz/thingset-zephyr-sdk/thingset-zephyr-sdk.git/twister-out/native_posix_64/can/thingset_sdk.can/zephyr/zephyr.exe
in directory: /home/gaz/thingset-zephyr-sdk/thingset-zephyr-sdk.git/twister-out/native_posix_64/can/thingset_sdk.can
2023-10-22 11:47:38,512 - twister - DEBUG - Spawning BinaryHandler Thread for native_posix_64/can/thingset_sdk.can
2023-10-22 11:47:38,515 - twister - DEBUG - OUTPUT: [00:00:00.000,000] [0m<inf> can_loopback: Init of can_loopback0 done[0m
2023-10-22 11:47:38,515 - twister - DEBUG - OUTPUT: *** Booting Zephyr OS build zephyr-v2.5.0-31748-gb7e659cdd308 ***
2023-10-22 11:47:38,516 - twister - DEBUG - OUTPUT: [00:00:00.000,000] [0m<inf> thingset_sdk: ThingSet Node ID (EUI-64): 44D06FE77A50AA65[0m
2023-10-22 11:47:38,518 - twister - DEBUG - OUTPUT: Running TESTSUITE thingset_can
2023-10-22 11:47:38,519 - twister - DEBUG - OUTPUT: ===================================================================
2023-10-22 11:47:38,521 - twister - DEBUG - OUTPUT: [00:00:00.510,000] [0m<inf> thingset_can: Received address claim from node 0x01 with EUI-64 44-d0-6f-e7-7a-50-aa-01[0m
2023-10-22 11:47:38,522 - twister - DEBUG - OUTPUT: [00:00:00.510,000] [0m<inf> thingset_can: Using CAN node address 0x01[0m
2023-10-22 11:47:38,522 - twister - DEBUG - OUTPUT: START - test_receive_report_from_node
2023-10-22 11:47:38,522 - twister - DEBUG - OUTPUT:  PASS - test_receive_report_from_node in 0.000 seconds
2023-10-22 11:47:38,522 - twister - DEBUG - OUTPUT: ===================================================================
2023-10-22 11:47:38,522 - twister - DEBUG - OUTPUT: START - test_send_request_to_node
2023-10-22 11:47:38,522 - twister - DEBUG - OUTPUT:  PASS - test_send_request_to_node in 0.000 seconds
2023-10-22 11:47:38,522 - twister - DEBUG - OUTPUT: ===================================================================
2023-10-22 11:47:38,523 - twister - DEBUG - OUTPUT: TESTSUITE thingset_can succeeded
2023-10-22 11:47:38,523 - twister - DEBUG - OUTPUT: ===================================================================
2023-10-22 11:47:38,523 - twister - DEBUG - OUTPUT: RunID: 50df3c44ff626235d8850a45ac3e47bc
2023-10-22 11:47:38,523 - twister - DEBUG - OUTPUT: PROJECT EXECUTION SUCCESSFUL
2023-10-22 11:47:38,537 - twister - DEBUG - Expected suite names:['thingset_can']
2023-10-22 11:47:38,537 - twister - DEBUG - Detected suite names:['thingset_can']
2023-10-22 11:47:38,537 - twister - DEBUG - run status: native_posix_64/can/thingset_sdk.can passed
2023-10-22 11:47:38,539 - twister - DEBUG - Running cmake on /home/gaz/thingset-zephyr-sdk/thingset-zephyr-sdk.git/tests/isotp_fast/conformance_sync for native_posix_64
2023-10-22 11:47:38,539 - twister - DEBUG - Calling cmake: /usr/bin/cmake -B/home/gaz/thingset-zephyr-sdk/thingset-zephyr-sdk.git/twister-out/native_posix_64/isotp_fast/conformance_sync/thingset_sdk.isotp_fast.conformance.sync -DTC_RUNID=ec55daf940a118a4cdb150deb54d57dd -DCONFIG_COMPILER_WARNINGS_AS_ERRORS=y -DEXTRA_GEN_DEFINES_ARGS=--edtlib-Werror -GNinja -S/home/gaz/thingset-zephyr-sdk/thingset-zephyr-sdk.git/tests/isotp_fast/conformance_sync -DBOARD=native_posix_64 -DMODULES=dts -P/home/gaz/thingset-zephyr-sdk/zephyr/cmake/package_helper.cmake
2023-10-22 11:47:39,365 - twister - DEBUG - Finished building /home/gaz/thingset-zephyr-sdk/thingset-zephyr-sdk.git/tests/isotp_fast/conformance_async_fd for native_posix_64
2023-10-22 11:47:39,366 - twister - DEBUG - Running cmake on /home/gaz/thingset-zephyr-sdk/thingset-zephyr-sdk.git/tests/isotp_fast/conformance_async_fd for native_posix_64
2023-10-22 11:47:39,366 - twister - DEBUG - Calling cmake: /usr/bin/cmake -B/home/gaz/thingset-zephyr-sdk/thingset-zephyr-sdk.git/twister-out/native_posix_64/isotp_fast/conformance_async_fd/thingset_sdk.isotp_fast.conformance.async.fd -DTC_RUNID=c3fd5653ec16d6a50d08e5c2403a9e15 -DCONFIG_COMPILER_WARNINGS_AS_ERRORS=y -DEXTRA_GEN_DEFINES_ARGS=--edtlib-Werror -GNinja -S/home/gaz/thingset-zephyr-sdk/thingset-zephyr-sdk.git/tests/isotp_fast/conformance_async_fd -DBOARD=native_posix_64
2023-10-22 11:47:39,444 - twister - DEBUG - Finished building /home/gaz/thingset-zephyr-sdk/thingset-zephyr-sdk.git/tests/isotp_fast/conformance_sync for native_posix_64
2023-10-22 11:47:39,445 - twister - DEBUG - Running cmake on /home/gaz/thingset-zephyr-sdk/thingset-zephyr-sdk.git/tests/isotp_fast/conformance_sync for native_posix_64
2023-10-22 11:47:39,445 - twister - DEBUG - Calling cmake: /usr/bin/cmake -B/home/gaz/thingset-zephyr-sdk/thingset-zephyr-sdk.git/twister-out/native_posix_64/isotp_fast/conformance_sync/thingset_sdk.isotp_fast.conformance.sync -DTC_RUNID=ec55daf940a118a4cdb150deb54d57dd -DCONFIG_COMPILER_WARNINGS_AS_ERRORS=y -DEXTRA_GEN_DEFINES_ARGS=--edtlib-Werror -GNinja -S/home/gaz/thingset-zephyr-sdk/thingset-zephyr-sdk.git/tests/isotp_fast/conformance_sync -DBOARD=native_posix_64
2023-10-22 11:47:41,925 - twister - DEBUG - Finished building /home/gaz/thingset-zephyr-sdk/thingset-zephyr-sdk.git/tests/isotp_fast/conformance_sync for native_posix_64
2023-10-22 11:47:41,926 - twister - DEBUG - build test: native_posix_64/isotp_fast/conformance_sync/thingset_sdk.isotp_fast.conformance.sync
2023-10-22 11:47:41,926 - twister - DEBUG - Building /home/gaz/thingset-zephyr-sdk/thingset-zephyr-sdk.git/tests/isotp_fast/conformance_sync for native_posix_64
2023-10-22 11:47:41,941 - twister - DEBUG - Finished building /home/gaz/thingset-zephyr-sdk/thingset-zephyr-sdk.git/tests/isotp_fast/conformance_async_fd for native_posix_64
2023-10-22 11:47:41,942 - twister - DEBUG - build test: native_posix_64/isotp_fast/conformance_async_fd/thingset_sdk.isotp_fast.conformance.async.fd
2023-10-22 11:47:41,942 - twister - DEBUG - Building /home/gaz/thingset-zephyr-sdk/thingset-zephyr-sdk.git/tests/isotp_fast/conformance_async_fd for native_posix_64
2023-10-22 11:47:50,634 - twister - DEBUG - Determine test cases for test instance: native_posix_64/isotp_fast/conformance_async_fd/thingset_sdk.isotp_fast.conformance.async.fd
2023-10-22 11:47:50,634 - twister - DEBUG - Determine test cases for test suite: thingset_sdk.isotp_fast.conformance.async.fd
2023-10-22 11:47:50,635 - twister - DEBUG - Test instance native_posix_64/isotp_fast/conformance_async_fd/thingset_sdk.isotp_fast.conformance.async.fd already has 1 cases.
2023-10-22 11:47:50,658 - twister - DEBUG - Determine test cases for test instance: native_posix_64/isotp_fast/conformance_sync/thingset_sdk.isotp_fast.conformance.sync
2023-10-22 11:47:50,658 - twister - DEBUG - Determine test cases for test suite: thingset_sdk.isotp_fast.conformance.sync
2023-10-22 11:47:50,659 - twister - DEBUG - Test instance native_posix_64/isotp_fast/conformance_sync/thingset_sdk.isotp_fast.conformance.sync already has 1 cases.
2023-10-22 11:47:50,703 - twister - DEBUG - run test: native_posix_64/isotp_fast/conformance_async_fd/thingset_sdk.isotp_fast.conformance.async.fd
2023-10-22 11:47:50,703 - twister - DEBUG - Spawning process: /home/gaz/thingset-zephyr-sdk/thingset-zephyr-sdk.git/twister-out/native_posix_64/isotp_fast/conformance_async_fd/thingset_sdk.isotp_fast.conformance.async.fd/zephyr/zephyr.exe
in directory: /home/gaz/thingset-zephyr-sdk/thingset-zephyr-sdk.git/twister-out/native_posix_64/isotp_fast/conformance_async_fd/thingset_sdk.isotp_fast.conformance.async.fd
2023-10-22 11:47:50,708 - twister - DEBUG - run test: native_posix_64/isotp_fast/conformance_sync/thingset_sdk.isotp_fast.conformance.sync
2023-10-22 11:47:50,709 - twister - DEBUG - Spawning process: /home/gaz/thingset-zephyr-sdk/thingset-zephyr-sdk.git/twister-out/native_posix_64/isotp_fast/conformance_sync/thingset_sdk.isotp_fast.conformance.sync/zephyr/zephyr.exe
in directory: /home/gaz/thingset-zephyr-sdk/thingset-zephyr-sdk.git/twister-out/native_posix_64/isotp_fast/conformance_sync/thingset_sdk.isotp_fast.conformance.sync
2023-10-22 11:47:50,709 - twister - DEBUG - Spawning BinaryHandler Thread for native_posix_64/isotp_fast/conformance_sync/thingset_sdk.isotp_fast.conformance.sync
2023-10-22 11:47:50,710 - twister - DEBUG - OUTPUT: [00:00:00.000,000] [0m<inf> can_loopback: Init of can_loopback0 done[0m
2023-10-22 11:47:50,710 - twister - DEBUG - Spawning BinaryHandler Thread for native_posix_64/isotp_fast/conformance_async_fd/thingset_sdk.isotp_fast.conformance.async.fd
2023-10-22 11:47:50,714 - twister - DEBUG - OUTPUT: *** Booting Zephyr OS build zephyr-v2.5.0-31748-gb7e659cdd308 ***
2023-10-22 11:47:50,714 - twister - DEBUG - OUTPUT: Running TESTSUITE isotp_fast_conformance_sync
2023-10-22 11:47:50,714 - twister - DEBUG - OUTPUT: ===================================================================
2023-10-22 11:47:50,714 - twister - DEBUG - OUTPUT: START - test_receive_data
2023-10-22 11:47:50,715 - twister - DEBUG - OUTPUT: [00:00:00.000,000] [0m<inf> isotp_fast: Successfully bound to 18da0201:3ffff00[0m
2023-10-22 11:47:50,715 - twister - DEBUG - OUTPUT:  PASS - test_receive_data in 0.270 seconds
2023-10-22 11:47:50,715 - twister - DEBUG - OUTPUT: ===================================================================
2023-10-22 11:47:50,716 - twister - DEBUG - OUTPUT: START - test_receive_data_blocks
2023-10-22 11:47:50,716 - twister - DEBUG - OUTPUT: [00:00:00.270,000] [0m<inf> isotp_fast: Successfully bound to 18da0201:3ffff00[0m
2023-10-22 11:47:50,716 - twister - DEBUG - OUTPUT:  PASS - test_receive_data_blocks in 1.170 seconds
2023-10-22 11:47:50,716 - twister - DEBUG - OUTPUT: ===================================================================
2023-10-22 11:47:50,716 - twister - DEBUG - OUTPUT: START - test_receive_sf
2023-10-22 11:47:50,716 - twister - DEBUG - OUTPUT: [00:00:01.440,000] [0m<inf> isotp_fast: Successfully bound to 18da0201:3ffff00[0m
2023-10-22 11:47:50,716 - twister - DEBUG - OUTPUT:  PASS - test_receive_sf in 0.210 seconds
2023-10-22 11:47:50,716 - twister - DEBUG - OUTPUT: ===================================================================
2023-10-22 11:47:50,716 - twister - DEBUG - OUTPUT: START - test_receive_sf_fixed
2023-10-22 11:47:50,716 - twister - DEBUG - OUTPUT: [00:00:01.650,000] [0m<inf> isotp_fast: Successfully bound to 18da0201:3ffff00[0m
2023-10-22 11:47:50,717 - twister - DEBUG - OUTPUT:  PASS - test_receive_sf_fixed in 0.210 seconds
2023-10-22 11:47:50,717 - twister - DEBUG - OUTPUT: ===================================================================
2023-10-22 11:47:50,717 - twister - DEBUG - OUTPUT: START - test_receive_timeouts
2023-10-22 11:47:50,717 - twister - DEBUG - OUTPUT: [00:00:01.860,000] [0m<inf> isotp_fast: Successfully bound to 18da0201:3ffff00[0m
2023-10-22 11:47:50,717 - twister - DEBUG - OUTPUT: [00:00:02.860,000] [1;31m<err> isotp_fast: Timeout while waiting for CF[0m
2023-10-22 11:47:50,717 - twister - DEBUG - OUTPUT:  PASS - test_receive_timeouts in 1.000 seconds
2023-10-22 11:47:50,717 - twister - DEBUG - OUTPUT: ===================================================================
2023-10-22 11:47:50,717 - twister - DEBUG - OUTPUT: START - test_receiver_fc_errors
2023-10-22 11:47:50,717 - twister - DEBUG - OUTPUT: [00:00:02.860,000] [0m<inf> isotp_fast: Successfully bound to 18da0201:3ffff00[0m
2023-10-22 11:47:50,717 - twister - DEBUG - OUTPUT: [00:00:03.070,000] [1;31m<err> isotp_fast: Sequence number mismatch[0m
2023-10-22 11:47:50,717 - twister - DEBUG - OUTPUT:  PASS - test_receiver_fc_errors in 0.210 seconds
2023-10-22 11:47:50,717 - twister - DEBUG - OUTPUT: ===================================================================
2023-10-22 11:47:50,718 - twister - DEBUG - OUTPUT: START - test_send_data
2023-10-22 11:47:50,718 - twister - DEBUG - OUTPUT: [00:00:03.070,000] [0m<inf> isotp_fast: Successfully bound to 18da0201:3ffff00[0m
2023-10-22 11:47:50,718 - twister - DEBUG - OUTPUT:  PASS - test_send_data in 0.420 seconds
2023-10-22 11:47:50,718 - twister - DEBUG - OUTPUT: ===================================================================
2023-10-22 11:47:50,718 - twister - DEBUG - OUTPUT: START - test_send_data_blocks
2023-10-22 11:47:50,718 - twister - DEBUG - OUTPUT: [00:00:03.490,000] [0m<inf> isotp_fast: Successfully bound to 18da0201:3ffff00[0m
2023-10-22 11:47:50,718 - twister - DEBUG - OUTPUT:  PASS - test_send_data_blocks in 1.020 seconds
2023-10-22 11:47:50,718 - twister - DEBUG - OUTPUT: ===================================================================
2023-10-22 11:47:50,718 - twister - DEBUG - OUTPUT: START - test_send_sf
2023-10-22 11:47:50,719 - twister - DEBUG - OUTPUT: [00:00:04.510,000] [0m<inf> isotp_fast: Successfully bound to 18da0201:3ffff00[0m
2023-10-22 11:47:50,719 - twister - DEBUG - OUTPUT:  PASS - test_send_sf in 0.210 seconds
2023-10-22 11:47:50,719 - twister - DEBUG - OUTPUT: ===================================================================
2023-10-22 11:47:50,719 - twister - DEBUG - OUTPUT: START - test_send_sf_fixed
2023-10-22 11:47:50,719 - twister - DEBUG - OUTPUT: [00:00:04.720,000] [0m<inf> isotp_fast: Successfully bound to 18da0201:3ffff00[0m
2023-10-22 11:47:50,719 - twister - DEBUG - OUTPUT:  PASS - test_send_sf_fixed in 0.210 seconds
2023-10-22 11:47:50,719 - twister - DEBUG - OUTPUT: ===================================================================
2023-10-22 11:47:50,719 - twister - DEBUG - OUTPUT: START - test_send_timeouts
2023-10-22 11:47:50,719 - twister - DEBUG - OUTPUT: [00:00:04.930,000] [0m<inf> isotp_fast: Successfully bound to 18da0201:3ffff00[0m
2023-10-22 11:47:50,719 - twister - DEBUG - OUTPUT: [00:00:05.930,000] [1;31m<err> isotp_fast: Timed out waiting for FC frame[0m
2023-10-22 11:47:50,719 - twister - DEBUG - OUTPUT: [00:00:06.930,000] [1;31m<err> isotp_fast: Timed out waiting for FC frame[0m
2023-10-22 11:47:50,719 - twister - DEBUG - OUTPUT: [00:00:08.740,000] [1;31m<err> isotp_fast: Timed out waiting for FC frame[0m
2023-10-22 11:47:50,720 - twister - DEBUG - OUTPUT:  PASS - test_send_timeouts in 3.810 seconds
2023-10-22 11:47:50,720 - twister - DEBUG - OUTPUT: ===================================================================
2023-10-22 11:47:50,720 - twister - DEBUG - OUTPUT: START - test_sender_fc_errors
2023-10-22 11:47:50,720 - twister - DEBUG - OUTPUT: [00:00:08.740,000] [0m<inf> isotp_fast: Successfully bound to 18da0201:3ffff00[0m
2023-10-22 11:47:50,720 - twister - DEBUG - OUTPUT: [00:00:09.160,000] [1;31m<err> isotp_fast: Got overflow FC frame[0m
2023-10-22 11:47:50,720 - twister - DEBUG - OUTPUT: [00:00:09.370,000] [1;33m<wrn> isotp_fast: Got too many wait frames[0m
2023-10-22 11:47:50,720 - twister - DEBUG - OUTPUT:  PASS - test_sender_fc_errors in 0.630 seconds
2023-10-22 11:47:50,720 - twister - DEBUG - OUTPUT: ===================================================================
2023-10-22 11:47:50,720 - twister - DEBUG - OUTPUT: START - test_stmin
2023-10-22 11:47:50,720 - twister - DEBUG - OUTPUT: [00:00:09.370,000] [0m<inf> isotp_fast: Successfully bound to 18da0201:3ffff00[0m
2023-10-22 11:47:50,720 - twister - DEBUG - OUTPUT:  SKIP - test_stmin in 0.000 seconds
2023-10-22 11:47:50,721 - twister - DEBUG - OUTPUT: ===================================================================
2023-10-22 11:47:50,721 - twister - DEBUG - OUTPUT: TESTSUITE isotp_fast_conformance_sync succeeded
2023-10-22 11:47:50,721 - twister - DEBUG - OUTPUT: 
2023-10-22 11:47:50,721 - twister - DEBUG - OUTPUT: ------ TESTSUITE SUMMARY START ------
2023-10-22 11:47:50,721 - twister - DEBUG - OUTPUT: 
2023-10-22 11:47:50,721 - twister - DEBUG - OUTPUT: SUITE PASS - 100.00% [isotp_fast_conformance_sync]: pass = 12, fail = 0, skip = 1, total = 13 duration = 9.370 seconds
2023-10-22 11:47:50,721 - twister - DEBUG - OUTPUT:  - PASS - [isotp_fast_conformance_sync.test_receive_data] duration = 0.270 seconds
2023-10-22 11:47:50,721 - twister - DEBUG - OUTPUT:  - PASS - [isotp_fast_conformance_sync.test_receive_data_blocks] duration = 1.170 seconds
2023-10-22 11:47:50,721 - twister - DEBUG - OUTPUT:  - PASS - [isotp_fast_conformance_sync.test_receive_sf] duration = 0.210 seconds
2023-10-22 11:47:50,721 - twister - DEBUG - OUTPUT:  - PASS - [isotp_fast_conformance_sync.test_receive_sf_fixed] duration = 0.210 seconds
2023-10-22 11:47:50,721 - twister - DEBUG - OUTPUT:  - PASS - [isotp_fast_conformance_sync.test_receive_timeouts] duration = 1.000 seconds
2023-10-22 11:47:50,721 - twister - DEBUG - OUTPUT:  - PASS - [isotp_fast_conformance_sync.test_receiver_fc_errors] duration = 0.210 seconds
2023-10-22 11:47:50,721 - twister - DEBUG - OUTPUT:  - PASS - [isotp_fast_conformance_sync.test_send_data] duration = 0.420 seconds
2023-10-22 11:47:50,722 - twister - DEBUG - OUTPUT:  - PASS - [isotp_fast_conformance_sync.test_send_data_blocks] duration = 1.020 seconds
2023-10-22 11:47:50,722 - twister - DEBUG - OUTPUT:  - PASS - [isotp_fast_conformance_sync.test_send_sf] duration = 0.210 seconds
2023-10-22 11:47:50,722 - twister - DEBUG - OUTPUT:  - PASS - [isotp_fast_conformance_sync.test_send_sf_fixed] duration = 0.210 seconds
2023-10-22 11:47:50,722 - twister - DEBUG - OUTPUT:  - PASS - [isotp_fast_conformance_sync.test_send_timeouts] duration = 3.810 seconds
2023-10-22 11:47:50,722 - twister - DEBUG - OUTPUT: [00:00:00.000,000] [0m<inf> can_loopback: Init of can_loopback0 done[0m
2023-10-22 11:47:50,722 - twister - DEBUG - OUTPUT:  - PASS - [isotp_fast_conformance_sync.test_sender_fc_errors] duration = 0.630 seconds
2023-10-22 11:47:50,722 - twister - DEBUG - OUTPUT:  - SKIP - [isotp_fast_conformance_sync.test_stmin] duration = 0.000 seconds
2023-10-22 11:47:50,722 - twister - DEBUG - OUTPUT: *** Booting Zephyr OS build zephyr-v2.5.0-31748-gb7e659cdd308 ***
2023-10-22 11:47:50,722 - twister - DEBUG - OUTPUT: 
2023-10-22 11:47:50,723 - twister - DEBUG - OUTPUT: ------ TESTSUITE SUMMARY END ------
2023-10-22 11:47:50,723 - twister - DEBUG - OUTPUT: 
2023-10-22 11:47:50,723 - twister - DEBUG - OUTPUT: ===================================================================
2023-10-22 11:47:50,723 - twister - DEBUG - OUTPUT: RunID: ec55daf940a118a4cdb150deb54d57dd
2023-10-22 11:47:50,723 - twister - DEBUG - OUTPUT: PROJECT EXECUTION SUCCESSFUL
2023-10-22 11:47:50,723 - twister - DEBUG - OUTPUT: Running TESTSUITE isotp_fast_conformance_async_fd
2023-10-22 11:47:50,723 - twister - DEBUG - OUTPUT: ===================================================================
2023-10-22 11:47:50,724 - twister - DEBUG - Expected suite names:[]
2023-10-22 11:47:50,724 - twister - DEBUG - Detected suite names:['isotp_fast_conformance_sync']
2023-10-22 11:47:50,724 - twister - DEBUG - run status: native_posix_64/isotp_fast/conformance_sync/thingset_sdk.isotp_fast.conformance.sync passed
2023-10-22 11:47:50,725 - twister - DEBUG - Running cmake on /home/gaz/thingset-zephyr-sdk/thingset-zephyr-sdk.git/tests/isotp_fast/conformance_async for native_posix_64
2023-10-22 11:47:50,725 - twister - DEBUG - Calling cmake: /usr/bin/cmake -B/home/gaz/thingset-zephyr-sdk/thingset-zephyr-sdk.git/twister-out/native_posix_64/isotp_fast/conformance_async/thingset_sdk.isotp_fast.conformance.async -DTC_RUNID=bc8612cb2f7a5bb770ebad0a3aec9d95 -DCONFIG_COMPILER_WARNINGS_AS_ERRORS=y -DEXTRA_GEN_DEFINES_ARGS=--edtlib-Werror -GNinja -S/home/gaz/thingset-zephyr-sdk/thingset-zephyr-sdk.git/tests/isotp_fast/conformance_async -DBOARD=native_posix_64 -DMODULES=dts -P/home/gaz/thingset-zephyr-sdk/zephyr/cmake/package_helper.cmake
2023-10-22 11:47:50,725 - twister - DEBUG - OUTPUT: START - test_receive_data
2023-10-22 11:47:50,730 - twister - DEBUG - OUTPUT: [00:00:00.000,000] [0m<inf> isotp_fast: Successfully bound to 18da0201:3ffff00[0m
2023-10-22 11:47:50,733 - twister - DEBUG - OUTPUT:  PASS - test_receive_data in 0.270 seconds
2023-10-22 11:47:50,733 - twister - DEBUG - OUTPUT: ===================================================================
2023-10-22 11:47:50,738 - twister - DEBUG - OUTPUT: START - test_receive_data_blocks
2023-10-22 11:47:50,743 - twister - DEBUG - OUTPUT: [00:00:00.270,000] [0m<inf> isotp_fast: Successfully bound to 18da0201:3ffff00[0m
2023-10-22 11:47:50,748 - twister - DEBUG - OUTPUT:  PASS - test_receive_data_blocks in 0.330 seconds
2023-10-22 11:47:50,754 - twister - DEBUG - OUTPUT: ===================================================================
2023-10-22 11:47:50,762 - twister - DEBUG - OUTPUT: START - test_receive_sf
2023-10-22 11:47:50,765 - twister - DEBUG - OUTPUT: [00:00:00.600,000] [0m<inf> isotp_fast: Successfully bound to 18da0201:3ffff00[0m
2023-10-22 11:47:50,767 - twister - DEBUG - OUTPUT: [00:00:00.600,000] [1;31m<err> isotp_fast: Got unexpected PDU[0m
2023-10-22 11:47:50,767 - twister - DEBUG - OUTPUT:  PASS - test_receive_sf in 0.210 seconds
2023-10-22 11:47:50,770 - twister - DEBUG - OUTPUT: ===================================================================
2023-10-22 11:47:50,776 - twister - DEBUG - OUTPUT: START - test_receive_sf_fixed
2023-10-22 11:47:50,776 - twister - DEBUG - OUTPUT: [00:00:00.810,000] [0m<inf> isotp_fast: Successfully bound to 18da0201:3ffff00[0m
2023-10-22 11:47:50,776 - twister - DEBUG - OUTPUT:  PASS - test_receive_sf_fixed in 0.210 seconds
2023-10-22 11:47:50,778 - twister - DEBUG - OUTPUT: ===================================================================
2023-10-22 11:47:50,779 - twister - DEBUG - OUTPUT: START - test_receive_timeouts
2023-10-22 11:47:50,782 - twister - DEBUG - OUTPUT: [00:00:01.020,000] [0m<inf> isotp_fast: Successfully bound to 18da0201:3ffff00[0m
2023-10-22 11:47:50,786 - twister - DEBUG - OUTPUT: [00:00:02.020,000] [1;31m<err> isotp_fast: Timeout while waiting for CF[0m
2023-10-22 11:47:50,786 - twister - DEBUG - OUTPUT:  PASS - test_receive_timeouts in 1.000 seconds
2023-10-22 11:47:50,789 - twister - DEBUG - OUTPUT: ===================================================================
2023-10-22 11:47:50,791 - twister - DEBUG - OUTPUT: START - test_receiver_fc_errors
2023-10-22 11:47:50,791 - twister - DEBUG - OUTPUT: [00:00:02.020,000] [0m<inf> isotp_fast: Successfully bound to 18da0201:3ffff00[0m
2023-10-22 11:47:50,793 - twister - DEBUG - OUTPUT: [00:00:02.230,000] [1;31m<err> isotp_fast: Sequence number mismatch[0m
2023-10-22 11:47:50,802 - twister - DEBUG - OUTPUT:  PASS - test_receiver_fc_errors in 0.420 seconds
2023-10-22 11:47:50,802 - twister - DEBUG - OUTPUT: ===================================================================
2023-10-22 11:47:50,802 - twister - DEBUG - OUTPUT: START - test_send_data
2023-10-22 11:47:50,803 - twister - DEBUG - OUTPUT: [00:00:02.440,000] [0m<inf> isotp_fast: Successfully bound to 18da0201:3ffff00[0m
2023-10-22 11:47:50,803 - twister - DEBUG - OUTPUT:  PASS - test_send_data in 0.420 seconds
2023-10-22 11:47:50,812 - twister - DEBUG - OUTPUT: ===================================================================
2023-10-22 11:47:50,813 - twister - DEBUG - OUTPUT: START - test_send_sf
2023-10-22 11:47:50,813 - twister - DEBUG - OUTPUT: [00:00:02.860,000] [0m<inf> isotp_fast: Successfully bound to 18da0201:3ffff00[0m
2023-10-22 11:47:50,813 - twister - DEBUG - OUTPUT:  PASS - test_send_sf in 0.210 seconds
2023-10-22 11:47:50,815 - twister - DEBUG - OUTPUT: ===================================================================
2023-10-22 11:47:50,815 - twister - DEBUG - OUTPUT: START - test_send_sf_fixed
2023-10-22 11:47:50,817 - twister - DEBUG - OUTPUT: [00:00:03.070,000] [0m<inf> isotp_fast: Successfully bound to 18da0201:3ffff00[0m
2023-10-22 11:47:50,817 - twister - DEBUG - OUTPUT:  PASS - test_send_sf_fixed in 0.210 seconds
2023-10-22 11:47:50,818 - twister - DEBUG - OUTPUT: ===================================================================
2023-10-22 11:47:50,826 - twister - DEBUG - OUTPUT: START - test_send_timeouts
2023-10-22 11:47:50,826 - twister - DEBUG - OUTPUT: [00:00:03.280,000] [0m<inf> isotp_fast: Successfully bound to 18da0201:3ffff00[0m
2023-10-22 11:47:50,826 - twister - DEBUG - OUTPUT: [00:00:04.280,000] [1;31m<err> isotp_fast: Timed out waiting for FC frame[0m
2023-10-22 11:47:50,827 - twister - DEBUG - OUTPUT: [00:00:05.280,000] [1;31m<err> isotp_fast: Timed out waiting for FC frame[0m
2023-10-22 11:47:50,830 - twister - DEBUG - OUTPUT: [00:00:07.090,000] [1;31m<err> isotp_fast: Timed out waiting for FC frame[0m
2023-10-22 11:47:50,830 - twister - DEBUG - OUTPUT:  PASS - test_send_timeouts in 3.810 seconds
2023-10-22 11:47:50,838 - twister - DEBUG - OUTPUT: ===================================================================
2023-10-22 11:47:50,838 - twister - DEBUG - OUTPUT: START - test_sender_fc_errors
2023-10-22 11:47:50,838 - twister - DEBUG - OUTPUT: [00:00:07.090,000] [0m<inf> isotp_fast: Successfully bound to 18da0201:3ffff00[0m
2023-10-22 11:47:50,841 - twister - DEBUG - OUTPUT: [00:00:07.510,000] [1;31m<err> isotp_fast: Got overflow FC frame[0m
2023-10-22 11:47:50,842 - twister - DEBUG - OUTPUT: [00:00:07.720,000] [1;33m<wrn> isotp_fast: Got too many wait frames[0m
2023-10-22 11:47:50,844 - twister - DEBUG - OUTPUT:  PASS - test_sender_fc_errors in 0.630 seconds
2023-10-22 11:47:50,845 - twister - DEBUG - OUTPUT: ===================================================================
2023-10-22 11:47:50,845 - twister - DEBUG - OUTPUT: START - test_stmin
2023-10-22 11:47:50,862 - twister - DEBUG - OUTPUT: [00:00:07.720,000] [0m<inf> isotp_fast: Successfully bound to 18da0201:3ffff00[0m
2023-10-22 11:47:50,866 - twister - DEBUG - OUTPUT:  SKIP - test_stmin in 0.000 seconds
2023-10-22 11:47:50,877 - twister - DEBUG - OUTPUT: ===================================================================
2023-10-22 11:47:50,886 - twister - DEBUG - OUTPUT: TESTSUITE isotp_fast_conformance_async_fd succeeded
2023-10-22 11:47:50,894 - twister - DEBUG - OUTPUT: 
2023-10-22 11:47:50,898 - twister - DEBUG - OUTPUT: ------ TESTSUITE SUMMARY START ------
2023-10-22 11:47:50,902 - twister - DEBUG - OUTPUT: 
2023-10-22 11:47:50,908 - twister - DEBUG - OUTPUT: SUITE PASS - 100.00% [isotp_fast_conformance_async_fd]: pass = 11, fail = 0, skip = 1, total = 12 duration = 7.720 seconds
2023-10-22 11:47:50,908 - twister - DEBUG - OUTPUT:  - PASS - [isotp_fast_conformance_async_fd.test_receive_data] duration = 0.270 seconds
2023-10-22 11:47:50,918 - twister - DEBUG - OUTPUT:  - PASS - [isotp_fast_conformance_async_fd.test_receive_data_blocks] duration = 0.330 seconds
2023-10-22 11:47:50,918 - twister - DEBUG - OUTPUT:  - PASS - [isotp_fast_conformance_async_fd.test_receive_sf] duration = 0.210 seconds
2023-10-22 11:47:50,918 - twister - DEBUG - OUTPUT:  - PASS - [isotp_fast_conformance_async_fd.test_receive_sf_fixed] duration = 0.210 seconds
2023-10-22 11:47:50,919 - twister - DEBUG - OUTPUT:  - PASS - [isotp_fast_conformance_async_fd.test_receive_timeouts] duration = 1.000 seconds
2023-10-22 11:47:50,922 - twister - DEBUG - OUTPUT:  - PASS - [isotp_fast_conformance_async_fd.test_receiver_fc_errors] duration = 0.420 seconds
2023-10-22 11:47:50,925 - twister - DEBUG - OUTPUT:  - PASS - [isotp_fast_conformance_async_fd.test_send_data] duration = 0.420 seconds
2023-10-22 11:47:50,926 - twister - DEBUG - OUTPUT:  - PASS - [isotp_fast_conformance_async_fd.test_send_sf] duration = 0.210 seconds
2023-10-22 11:47:50,926 - twister - DEBUG - OUTPUT:  - PASS - [isotp_fast_conformance_async_fd.test_send_sf_fixed] duration = 0.210 seconds
2023-10-22 11:47:50,934 - twister - DEBUG - OUTPUT:  - PASS - [isotp_fast_conformance_async_fd.test_send_timeouts] duration = 3.810 seconds
2023-10-22 11:47:50,934 - twister - DEBUG - OUTPUT:  - PASS - [isotp_fast_conformance_async_fd.test_sender_fc_errors] duration = 0.630 seconds
2023-10-22 11:47:50,934 - twister - DEBUG - OUTPUT:  - SKIP - [isotp_fast_conformance_async_fd.test_stmin] duration = 0.000 seconds
2023-10-22 11:47:50,942 - twister - DEBUG - OUTPUT: 
2023-10-22 11:47:50,942 - twister - DEBUG - OUTPUT: ------ TESTSUITE SUMMARY END ------
2023-10-22 11:47:50,942 - twister - DEBUG - OUTPUT: 
2023-10-22 11:47:50,950 - twister - DEBUG - OUTPUT: ===================================================================
2023-10-22 11:47:50,950 - twister - DEBUG - OUTPUT: RunID: c3fd5653ec16d6a50d08e5c2403a9e15
2023-10-22 11:47:50,950 - twister - DEBUG - OUTPUT: PROJECT EXECUTION SUCCESSFUL
2023-10-22 11:47:50,965 - twister - DEBUG - Expected suite names:[]
2023-10-22 11:47:50,965 - twister - DEBUG - Detected suite names:['isotp_fast_conformance_async_fd']
2023-10-22 11:47:50,965 - twister - DEBUG - run status: native_posix_64/isotp_fast/conformance_async_fd/thingset_sdk.isotp_fast.conformance.async.fd passed
2023-10-22 11:47:51,765 - twister - DEBUG - Finished building /home/gaz/thingset-zephyr-sdk/thingset-zephyr-sdk.git/tests/isotp_fast/conformance_async for native_posix_64
2023-10-22 11:47:51,766 - twister - DEBUG - Running cmake on /home/gaz/thingset-zephyr-sdk/thingset-zephyr-sdk.git/tests/isotp_fast/conformance_async for native_posix_64
2023-10-22 11:47:51,766 - twister - DEBUG - Calling cmake: /usr/bin/cmake -B/home/gaz/thingset-zephyr-sdk/thingset-zephyr-sdk.git/twister-out/native_posix_64/isotp_fast/conformance_async/thingset_sdk.isotp_fast.conformance.async -DTC_RUNID=bc8612cb2f7a5bb770ebad0a3aec9d95 -DCONFIG_COMPILER_WARNINGS_AS_ERRORS=y -DEXTRA_GEN_DEFINES_ARGS=--edtlib-Werror -GNinja -S/home/gaz/thingset-zephyr-sdk/thingset-zephyr-sdk.git/tests/isotp_fast/conformance_async -DBOARD=native_posix_64
2023-10-22 11:47:53,558 - twister - DEBUG - Finished building /home/gaz/thingset-zephyr-sdk/thingset-zephyr-sdk.git/tests/isotp_fast/conformance_async for native_posix_64
2023-10-22 11:47:53,559 - twister - DEBUG - build test: native_posix_64/isotp_fast/conformance_async/thingset_sdk.isotp_fast.conformance.async
2023-10-22 11:47:53,559 - twister - DEBUG - Building /home/gaz/thingset-zephyr-sdk/thingset-zephyr-sdk.git/tests/isotp_fast/conformance_async for native_posix_64
2023-10-22 11:47:58,941 - twister - DEBUG - Determine test cases for test instance: native_posix_64/isotp_fast/conformance_async/thingset_sdk.isotp_fast.conformance.async
2023-10-22 11:47:58,941 - twister - DEBUG - Determine test cases for test suite: thingset_sdk.isotp_fast.conformance.async
2023-10-22 11:47:58,941 - twister - DEBUG - Test instance native_posix_64/isotp_fast/conformance_async/thingset_sdk.isotp_fast.conformance.async already has 1 cases.
2023-10-22 11:47:58,986 - twister - DEBUG - run test: native_posix_64/isotp_fast/conformance_async/thingset_sdk.isotp_fast.conformance.async
2023-10-22 11:47:58,986 - twister - DEBUG - Spawning process: /home/gaz/thingset-zephyr-sdk/thingset-zephyr-sdk.git/twister-out/native_posix_64/isotp_fast/conformance_async/thingset_sdk.isotp_fast.conformance.async/zephyr/zephyr.exe
in directory: /home/gaz/thingset-zephyr-sdk/thingset-zephyr-sdk.git/twister-out/native_posix_64/isotp_fast/conformance_async/thingset_sdk.isotp_fast.conformance.async
2023-10-22 11:47:58,994 - twister - DEBUG - Spawning BinaryHandler Thread for native_posix_64/isotp_fast/conformance_async/thingset_sdk.isotp_fast.conformance.async
2023-10-22 11:47:59,010 - twister - DEBUG - OUTPUT: [00:00:00.000,000] [0m<inf> can_loopback: Init of can_loopback0 done[0m
2023-10-22 11:47:59,015 - twister - DEBUG - OUTPUT: *** Booting Zephyr OS build zephyr-v2.5.0-31748-gb7e659cdd308 ***
2023-10-22 11:47:59,026 - twister - DEBUG - OUTPUT: Running TESTSUITE isotp_fast_conformance_async
2023-10-22 11:47:59,026 - twister - DEBUG - OUTPUT: ===================================================================
2023-10-22 11:47:59,030 - twister - DEBUG - OUTPUT: START - test_receive_data
2023-10-22 11:47:59,038 - twister - DEBUG - OUTPUT: [00:00:00.000,000] [0m<inf> isotp_fast: Successfully bound to 18da0201:3ffff00[0m
2023-10-22 11:47:59,046 - twister - DEBUG - OUTPUT:  PASS - test_receive_data in 0.270 seconds
2023-10-22 11:47:59,054 - twister - DEBUG - OUTPUT: ===================================================================
2023-10-22 11:47:59,058 - twister - DEBUG - OUTPUT: START - test_receive_data_blocks
2023-10-22 11:47:59,066 - twister - DEBUG - OUTPUT: [00:00:00.270,000] [0m<inf> isotp_fast: Successfully bound to 18da0201:3ffff00[0m
2023-10-22 11:47:59,074 - twister - DEBUG - OUTPUT:  PASS - test_receive_data_blocks in 1.170 seconds
2023-10-22 11:47:59,082 - twister - DEBUG - OUTPUT: ===================================================================
2023-10-22 11:47:59,090 - twister - DEBUG - OUTPUT: START - test_receive_sf
2023-10-22 11:47:59,098 - twister - DEBUG - OUTPUT: [00:00:01.440,000] [0m<inf> isotp_fast: Successfully bound to 18da0201:3ffff00[0m
2023-10-22 11:47:59,104 - twister - DEBUG - OUTPUT:  PASS - test_receive_sf in 0.210 seconds
2023-10-22 11:47:59,105 - twister - DEBUG - OUTPUT: ===================================================================
2023-10-22 11:47:59,106 - twister - DEBUG - OUTPUT: START - test_receive_sf_fixed
2023-10-22 11:47:59,113 - twister - DEBUG - OUTPUT: [00:00:01.650,000] [0m<inf> isotp_fast: Successfully bound to 18da0201:3ffff00[0m
2023-10-22 11:47:59,113 - twister - DEBUG - OUTPUT:  PASS - test_receive_sf_fixed in 0.210 seconds
2023-10-22 11:47:59,113 - twister - DEBUG - OUTPUT: ===================================================================
2023-10-22 11:47:59,113 - twister - DEBUG - OUTPUT: START - test_receive_timeouts
2023-10-22 11:47:59,113 - twister - DEBUG - OUTPUT: [00:00:01.860,000] [0m<inf> isotp_fast: Successfully bound to 18da0201:3ffff00[0m
2023-10-22 11:47:59,113 - twister - DEBUG - OUTPUT: [00:00:02.860,000] [1;31m<err> isotp_fast: Timeout while waiting for CF[0m
2023-10-22 11:47:59,113 - twister - DEBUG - OUTPUT:  PASS - test_receive_timeouts in 1.000 seconds
2023-10-22 11:47:59,113 - twister - DEBUG - OUTPUT: ===================================================================
2023-10-22 11:47:59,114 - twister - DEBUG - OUTPUT: START - test_receiver_fc_errors
2023-10-22 11:47:59,114 - twister - DEBUG - OUTPUT: [00:00:02.860,000] [0m<inf> isotp_fast: Successfully bound to 18da0201:3ffff00[0m
2023-10-22 11:47:59,114 - twister - DEBUG - OUTPUT: [00:00:03.070,000] [1;31m<err> isotp_fast: Sequence number mismatch[0m
2023-10-22 11:47:59,114 - twister - DEBUG - OUTPUT:  PASS - test_receiver_fc_errors in 0.420 seconds
2023-10-22 11:47:59,114 - twister - DEBUG - OUTPUT: ===================================================================
2023-10-22 11:47:59,114 - twister - DEBUG - OUTPUT: START - test_send_data
2023-10-22 11:47:59,114 - twister - DEBUG - OUTPUT: [00:00:03.280,000] [0m<inf> isotp_fast: Successfully bound to 18da0201:3ffff00[0m
2023-10-22 11:47:59,114 - twister - DEBUG - OUTPUT:  PASS - test_send_data in 0.420 seconds
2023-10-22 11:47:59,114 - twister - DEBUG - OUTPUT: ===================================================================
2023-10-22 11:47:59,114 - twister - DEBUG - OUTPUT: START - test_send_data_blocks
2023-10-22 11:47:59,114 - twister - DEBUG - OUTPUT: [00:00:03.700,000] [0m<inf> isotp_fast: Successfully bound to 18da0201:3ffff00[0m
2023-10-22 11:47:59,114 - twister - DEBUG - OUTPUT:  PASS - test_send_data_blocks in 1.020 seconds
2023-10-22 11:47:59,114 - twister - DEBUG - OUTPUT: ===================================================================
2023-10-22 11:47:59,114 - twister - DEBUG - OUTPUT: START - test_send_sf
2023-10-22 11:47:59,114 - twister - DEBUG - OUTPUT: [00:00:04.720,000] [0m<inf> isotp_fast: Successfully bound to 18da0201:3ffff00[0m
2023-10-22 11:47:59,114 - twister - DEBUG - OUTPUT:  PASS - test_send_sf in 0.210 seconds
2023-10-22 11:47:59,114 - twister - DEBUG - OUTPUT: ===================================================================
2023-10-22 11:47:59,114 - twister - DEBUG - OUTPUT: START - test_send_sf_fixed
2023-10-22 11:47:59,114 - twister - DEBUG - OUTPUT: [00:00:04.930,000] [0m<inf> isotp_fast: Successfully bound to 18da0201:3ffff00[0m
2023-10-22 11:47:59,114 - twister - DEBUG - OUTPUT:  PASS - test_send_sf_fixed in 0.210 seconds
2023-10-22 11:47:59,114 - twister - DEBUG - OUTPUT: ===================================================================
2023-10-22 11:47:59,114 - twister - DEBUG - OUTPUT: START - test_send_timeouts
2023-10-22 11:47:59,115 - twister - DEBUG - OUTPUT: [00:00:05.140,000] [0m<inf> isotp_fast: Successfully bound to 18da0201:3ffff00[0m
2023-10-22 11:47:59,115 - twister - DEBUG - OUTPUT: [00:00:06.140,000] [1;31m<err> isotp_fast: Timed out waiting for FC frame[0m
2023-10-22 11:47:59,115 - twister - DEBUG - OUTPUT: [00:00:07.140,000] [1;31m<err> isotp_fast: Timed out waiting for FC frame[0m
2023-10-22 11:47:59,115 - twister - DEBUG - OUTPUT: [00:00:08.950,000] [1;31m<err> isotp_fast: Timed out waiting for FC frame[0m
2023-10-22 11:47:59,115 - twister - DEBUG - OUTPUT:  PASS - test_send_timeouts in 3.810 seconds
2023-10-22 11:47:59,115 - twister - DEBUG - OUTPUT: ===================================================================
2023-10-22 11:47:59,115 - twister - DEBUG - OUTPUT: START - test_sender_fc_errors
2023-10-22 11:47:59,115 - twister - DEBUG - OUTPUT: [00:00:08.950,000] [0m<inf> isotp_fast: Successfully bound to 18da0201:3ffff00[0m
2023-10-22 11:47:59,115 - twister - DEBUG - OUTPUT: [00:00:09.370,000] [1;31m<err> isotp_fast: Got overflow FC frame[0m
2023-10-22 11:47:59,115 - twister - DEBUG - OUTPUT: [00:00:09.580,000] [1;33m<wrn> isotp_fast: Got too many wait frames[0m
2023-10-22 11:47:59,115 - twister - DEBUG - OUTPUT:  PASS - test_sender_fc_errors in 0.630 seconds
2023-10-22 11:47:59,115 - twister - DEBUG - OUTPUT: ===================================================================
2023-10-22 11:47:59,115 - twister - DEBUG - OUTPUT: START - test_stmin
2023-10-22 11:47:59,115 - twister - DEBUG - OUTPUT: [00:00:09.580,000] [0m<inf> isotp_fast: Successfully bound to 18da0201:3ffff00[0m
2023-10-22 11:47:59,115 - twister - DEBUG - OUTPUT:  SKIP - test_stmin in 0.000 seconds
2023-10-22 11:47:59,115 - twister - DEBUG - OUTPUT: ===================================================================
2023-10-22 11:47:59,115 - twister - DEBUG - OUTPUT: TESTSUITE isotp_fast_conformance_async succeeded
2023-10-22 11:47:59,115 - twister - DEBUG - OUTPUT: 
2023-10-22 11:47:59,115 - twister - DEBUG - OUTPUT: ------ TESTSUITE SUMMARY START ------
2023-10-22 11:47:59,115 - twister - DEBUG - OUTPUT: 
2023-10-22 11:47:59,115 - twister - DEBUG - OUTPUT: SUITE PASS - 100.00% [isotp_fast_conformance_async]: pass = 12, fail = 0, skip = 1, total = 13 duration = 9.580 seconds
2023-10-22 11:47:59,115 - twister - DEBUG - OUTPUT:  - PASS - [isotp_fast_conformance_async.test_receive_data] duration = 0.270 seconds
2023-10-22 11:47:59,115 - twister - DEBUG - OUTPUT:  - PASS - [isotp_fast_conformance_async.test_receive_data_blocks] duration = 1.170 seconds
2023-10-22 11:47:59,116 - twister - DEBUG - OUTPUT:  - PASS - [isotp_fast_conformance_async.test_receive_sf] duration = 0.210 seconds
2023-10-22 11:47:59,116 - twister - DEBUG - OUTPUT:  - PASS - [isotp_fast_conformance_async.test_receive_sf_fixed] duration = 0.210 seconds
2023-10-22 11:47:59,116 - twister - DEBUG - OUTPUT:  - PASS - [isotp_fast_conformance_async.test_receive_timeouts] duration = 1.000 seconds
2023-10-22 11:47:59,116 - twister - DEBUG - OUTPUT:  - PASS - [isotp_fast_conformance_async.test_receiver_fc_errors] duration = 0.420 seconds
2023-10-22 11:47:59,116 - twister - DEBUG - OUTPUT:  - PASS - [isotp_fast_conformance_async.test_send_data] duration = 0.420 seconds
2023-10-22 11:47:59,116 - twister - DEBUG - OUTPUT:  - PASS - [isotp_fast_conformance_async.test_send_data_blocks] duration = 1.020 seconds
2023-10-22 11:47:59,116 - twister - DEBUG - OUTPUT:  - PASS - [isotp_fast_conformance_async.test_send_sf] duration = 0.210 seconds
2023-10-22 11:47:59,116 - twister - DEBUG - OUTPUT:  - PASS - [isotp_fast_conformance_async.test_send_sf_fixed] duration = 0.210 seconds
2023-10-22 11:47:59,116 - twister - DEBUG - OUTPUT:  - PASS - [isotp_fast_conformance_async.test_send_timeouts] duration = 3.810 seconds
2023-10-22 11:47:59,116 - twister - DEBUG - OUTPUT:  - PASS - [isotp_fast_conformance_async.test_sender_fc_errors] duration = 0.630 seconds
2023-10-22 11:47:59,116 - twister - DEBUG - OUTPUT:  - SKIP - [isotp_fast_conformance_async.test_stmin] duration = 0.000 seconds
2023-10-22 11:47:59,116 - twister - DEBUG - OUTPUT: 
2023-10-22 11:47:59,116 - twister - DEBUG - OUTPUT: ------ TESTSUITE SUMMARY END ------
2023-10-22 11:47:59,116 - twister - DEBUG - OUTPUT: 
2023-10-22 11:47:59,116 - twister - DEBUG - OUTPUT: ===================================================================
2023-10-22 11:47:59,116 - twister - DEBUG - OUTPUT: RunID: bc8612cb2f7a5bb770ebad0a3aec9d95
2023-10-22 11:47:59,116 - twister - DEBUG - OUTPUT: PROJECT EXECUTION SUCCESSFUL
2023-10-22 11:47:59,117 - twister - DEBUG - Expected suite names:[]
2023-10-22 11:47:59,117 - twister - DEBUG - Detected suite names:['isotp_fast_conformance_async']
2023-10-22 11:47:59,117 - twister - DEBUG - run status: native_posix_64/isotp_fast/conformance_async/thingset_sdk.isotp_fast.conformance.async passed
2023-10-22 11:47:59,125 - twister - INFO - 5 test scenarios (5 test instances) selected, 0 configurations skipped (0 by static filter, 0 at runtime).
2023-10-22 11:47:59,126 - twister - INFO - [32m5 of 5[39m test configurations passed (100.00%), [39m0[39m failed, [39m0[39m errored, 0 skipped with [39m0[39m warnings in 33.89 seconds
2023-10-22 11:47:59,126 - twister - INFO - In total 39 test cases were executed, 3 skipped on 1 out of total 573 platforms (0.17%)
2023-10-22 11:47:59,126 - twister - INFO - [32m5[39m test configurations executed on platforms, [31m0[39m test configurations were only built.
2023-10-22 11:47:59,126 - twister - INFO - Saving reports...
2023-10-22 11:47:59,126 - twister - INFO - Writing JSON report /home/gaz/thingset-zephyr-sdk/thingset-zephyr-sdk.git/twister-out/twister.json
2023-10-22 11:47:59,127 - twister - INFO - Writing xunit report /home/gaz/thingset-zephyr-sdk/thingset-zephyr-sdk.git/twister-out/twister.xml...
2023-10-22 11:47:59,127 - twister - INFO - Writing xunit report /home/gaz/thingset-zephyr-sdk/thingset-zephyr-sdk.git/twister-out/twister_report.xml...
2023-10-22 11:47:59,128 - twister - INFO - Run completed
