Loading Zephyr default modules (Zephyr base).
-- Application: /home/gaz/thingset-zephyr-sdk/thingset-zephyr-sdk.git/tests/can
-- CMake version: 3.22.1
-- Found Python3: /usr/bin/python3.10 (found suitable exact version "3.10.12") found components: Interpreter 
-- Cache files will be written to: /home/gaz/.cache/zephyr
-- Zephyr version: 3.4.0 (/home/gaz/thingset-zephyr-sdk/zephyr)
-- Found west (found suitable version "1.2.0", minimum required is "0.14.0")
-- Board: native_posix_64
-- ZEPHYR_TOOLCHAIN_VARIANT not set, trying to locate Zephyr SDK
-- Found host-tools: zephyr 0.16.3 (/usr/local/zephyr-sdk)
-- Found toolchain: host (gcc/ld)
-- Found Dtc: /usr/local/zephyr-sdk/sysroots/aarch64-pokysdk-linux/usr/bin/dtc (found suitable version "1.6.0", minimum required is "1.4.6") 
-- Found BOARD.dts: /home/gaz/thingset-zephyr-sdk/zephyr/boards/posix/native_posix/native_posix_64.dts
-- Generated zephyr.dts: /home/gaz/thingset-zephyr-sdk/thingset-zephyr-sdk.git/twister-out/native_posix_64/can/thingset_sdk.can/zephyr/zephyr.dts
-- Generated devicetree_generated.h: /home/gaz/thingset-zephyr-sdk/thingset-zephyr-sdk.git/twister-out/native_posix_64/can/thingset_sdk.can/zephyr/include/generated/devicetree_generated.h
-- Including generated dts.cmake file: /home/gaz/thingset-zephyr-sdk/thingset-zephyr-sdk.git/twister-out/native_posix_64/can/thingset_sdk.can/zephyr/dts.cmake
Parsing /home/gaz/thingset-zephyr-sdk/zephyr/Kconfig
Loaded configuration '/home/gaz/thingset-zephyr-sdk/zephyr/boards/posix/native_posix/native_posix_64_defconfig'
Merged configuration '/home/gaz/thingset-zephyr-sdk/thingset-zephyr-sdk.git/tests/can/prj.conf'
Merged configuration '/home/gaz/thingset-zephyr-sdk/thingset-zephyr-sdk.git/twister-out/native_posix_64/can/thingset_sdk.can/zephyr/misc/generated/extra_kconfig_options.conf'
Configuration saved to '/home/gaz/thingset-zephyr-sdk/thingset-zephyr-sdk.git/twister-out/native_posix_64/can/thingset_sdk.can/zephyr/.config'
Kconfig header saved to '/home/gaz/thingset-zephyr-sdk/thingset-zephyr-sdk.git/twister-out/native_posix_64/can/thingset_sdk.can/zephyr/include/generated/autoconf.h'
-- Found GnuLd: /usr/bin/ld.bfd (found version "2.38") 
-- The C compiler identification is GNU 11.4.0
-- The CXX compiler identification is GNU 11.4.0
-- The ASM compiler identification is GNU
-- Found assembler: /usr/bin/gcc
-- Configuring done
-- Generating done
-- Build files have been written to: /home/gaz/thingset-zephyr-sdk/thingset-zephyr-sdk.git/twister-out/native_posix_64/can/thingset_sdk.can
[1/135] Preparing syscall dependency handling

[2/135] Generating certs/isrgrootx1.der.inc
[3/135] Generating misc/generated/syscalls_subdirs.trigger
[4/135] Generating misc/generated/syscalls.json, misc/generated/struct_tags.json
[5/135] Generating include/generated/syscall_dispatch.c, include/generated/syscall_list.h
[6/135] Generating include/generated/driver-validation.h
[7/135] Generating include/generated/version.h
-- Zephyr version: 3.4.0 (/home/gaz/thingset-zephyr-sdk/zephyr), build: zephyr-v2.5.0-31748-gb7e659cdd308
[8/135] Generating include/generated/kobj-types-enum.h, include/generated/otype-to-str.h, include/generated/otype-to-size.h
[9/135] Building C object zephyr/CMakeFiles/offsets.dir/arch/posix/core/offsets/offsets.c.obj
[10/135] Generating include/generated/offsets.h
[11/135] Building C object CMakeFiles/app.dir/home/gaz/thingset-zephyr-sdk/thingset-zephyr-sdk.git/src/packetizer.c.obj
[12/135] Building C object CMakeFiles/app.dir/home/gaz/thingset-zephyr-sdk/thingset-zephyr-sdk.git/src/sdk.c.obj
[13/135] Building C object zephyr/CMakeFiles/zephyr.dir/lib/os/dec.c.obj
[14/135] Building C object CMakeFiles/app.dir/src/main.c.obj
[15/135] Building C object CMakeFiles/app.dir/home/gaz/thingset-zephyr-sdk/thingset-zephyr-sdk.git/src/can.c.obj
[16/135] Linking C static library app/libapp.a
[17/135] Building C object zephyr/CMakeFiles/zephyr.dir/lib/os/hex.c.obj
[18/135] Building C object zephyr/CMakeFiles/zephyr.dir/lib/os/cbprintf_packaged.c.obj
[19/135] Building C object zephyr/CMakeFiles/zephyr.dir/lib/os/fdtable.c.obj
[20/135] Building C object zephyr/CMakeFiles/zephyr.dir/lib/os/printk.c.obj
[21/135] Building C object zephyr/CMakeFiles/zephyr.dir/lib/os/sem.c.obj
[22/135] Building C object zephyr/CMakeFiles/zephyr.dir/lib/os/thread_entry.c.obj
[23/135] Building C object zephyr/CMakeFiles/zephyr.dir/lib/os/timeutil.c.obj
[24/135] Building C object zephyr/CMakeFiles/zephyr.dir/lib/os/rb.c.obj
[25/135] Building C object zephyr/CMakeFiles/zephyr.dir/lib/os/heap-validate.c.obj
[26/135] Building C object zephyr/CMakeFiles/zephyr.dir/lib/os/heap.c.obj
[27/135] Building C object zephyr/CMakeFiles/zephyr.dir/lib/os/multi_heap.c.obj
[28/135] Building C object zephyr/CMakeFiles/zephyr.dir/lib/os/crc32c_sw.c.obj
[29/135] Building C object zephyr/CMakeFiles/zephyr.dir/lib/os/bitarray.c.obj
[30/135] Building C object zephyr/CMakeFiles/zephyr.dir/lib/os/crc16_sw.c.obj
[31/135] Building C object zephyr/CMakeFiles/zephyr.dir/lib/os/crc32_sw.c.obj
[32/135] Building C object zephyr/CMakeFiles/zephyr.dir/lib/os/crc8_sw.c.obj
[33/135] Building C object zephyr/CMakeFiles/zephyr.dir/lib/os/crc7_sw.c.obj
[34/135] Building C object zephyr/CMakeFiles/zephyr.dir/lib/os/cbprintf.c.obj
[35/135] Building C object zephyr/CMakeFiles/zephyr.dir/lib/os/assert.c.obj
[36/135] Building C object zephyr/CMakeFiles/zephyr.dir/misc/generated/configs.c.obj
[37/135] Building C object zephyr/CMakeFiles/zephyr.dir/lib/os/cbprintf_complete.c.obj
[38/135] Building C object zephyr/CMakeFiles/zephyr.dir/subsys/logging/log_cache.c.obj
[39/135] Building C object zephyr/CMakeFiles/zephyr.dir/subsys/logging/log_mgmt.c.obj
[40/135] Building C object zephyr/CMakeFiles/zephyr.dir/subsys/logging/log_core.c.obj
[41/135] Building C object zephyr/CMakeFiles/zephyr.dir/subsys/logging/log_msg.c.obj
[42/135] Building C object zephyr/CMakeFiles/zephyr.dir/subsys/tracing/tracing_none.c.obj
[43/135] Building C object zephyr/CMakeFiles/zephyr.dir/subsys/net/lib/utils/addr_utils.c.obj
[44/135] Building C object zephyr/CMakeFiles/zephyr.dir/subsys/logging/backends/log_backend_native_posix.c.obj
[45/135] Generating linker_zephyr_pre1.cmd
[46/135] Building C object zephyr/CMakeFiles/zephyr.dir/subsys/logging/log_output.c.obj
[47/135] Building C object zephyr/arch/arch/posix/core/CMakeFiles/arch__posix__core.dir/irq.c.obj
[48/135] Linking C static library zephyr/libzephyr.a
[49/135] Building C object zephyr/arch/arch/posix/core/CMakeFiles/arch__posix__core.dir/fatal.c.obj
[50/135] Building C object zephyr/arch/arch/posix/core/CMakeFiles/arch__posix__core.dir/swap.c.obj
[51/135] Building C object zephyr/arch/arch/posix/core/CMakeFiles/arch__posix__core.dir/cpuhalt.c.obj
[52/135] Building C object zephyr/arch/arch/posix/core/CMakeFiles/arch__posix__core.dir/posix_core.c.obj
[53/135] Building C object zephyr/arch/arch/posix/core/CMakeFiles/arch__posix__core.dir/thread.c.obj
[54/135] Generating linker_zephyr_pre0.cmd
[55/135] Linking C static library zephyr/arch/arch/posix/core/libarch__posix__core.a
[56/135] Building C object zephyr/CMakeFiles/zephyr_pre0.dir/misc/empty_file.c.obj
[57/135] Building C object zephyr/soc/posix/inf_clock/CMakeFiles/soc__posix__inf_clock.dir/soc.c.obj
[58/135] Building C object zephyr/boards/posix/native_posix/CMakeFiles/boards__posix__native_posix.dir/hw_models_top.c.obj
[59/135] Linking C static library zephyr/soc/posix/inf_clock/libsoc__posix__inf_clock.a
[60/135] Building C object zephyr/boards/posix/native_posix/CMakeFiles/boards__posix__native_posix.dir/timer_model.c.obj
[61/135] Building C object zephyr/boards/posix/native_posix/CMakeFiles/boards__posix__native_posix.dir/native_rtc.c.obj
[62/135] Building C object zephyr/boards/posix/native_posix/CMakeFiles/boards__posix__native_posix.dir/main.c.obj
[63/135] Building C object zephyr/boards/posix/native_posix/CMakeFiles/boards__posix__native_posix.dir/irq_handler.c.obj
[64/135] Building C object zephyr/boards/posix/native_posix/CMakeFiles/boards__posix__native_posix.dir/tracing.c.obj
[65/135] Building C object zephyr/boards/posix/native_posix/CMakeFiles/boards__posix__native_posix.dir/irq_ctrl.c.obj
[66/135] Building C object zephyr/boards/posix/native_posix/CMakeFiles/boards__posix__native_posix.dir/cpu_wait.c.obj
[67/135] Building C object zephyr/boards/posix/native_posix/CMakeFiles/boards__posix__native_posix.dir/hw_counter.c.obj
[68/135] Building C object zephyr/boards/posix/native_posix/CMakeFiles/boards__posix__native_posix.dir/cmdline.c.obj
[69/135] Building C object zephyr/boards/posix/native_posix/CMakeFiles/boards__posix__native_posix.dir/cmdline_common.c.obj
[70/135] Linking C static library zephyr/boards/posix/native_posix/libboards__posix__native_posix.a
[71/135] Building C object zephyr/subsys/random/CMakeFiles/subsys__random.dir/rand32_entropy_device.c.obj
[72/135] Linking C static library zephyr/subsys/random/libsubsys__random.a
[73/135] Building C object zephyr/subsys/testsuite/ztest/CMakeFiles/subsys__testsuite__ztest.dir/src/ztest_error_hook.c.obj
[74/135] Building C object zephyr/subsys/testsuite/ztest/CMakeFiles/subsys__testsuite__ztest.dir/src/ztest_rules.c.obj
[75/135] Building C object zephyr/subsys/testsuite/ztest/CMakeFiles/subsys__testsuite__ztest.dir/src/ztest_posix.c.obj
[76/135] Building C object zephyr/subsys/testsuite/ztest/CMakeFiles/subsys__testsuite__ztest.dir/src/ztest_new.c.obj
[77/135] Linking C static library zephyr/subsys/testsuite/ztest/libsubsys__testsuite__ztest.a
[78/135] Building C object zephyr/subsys/canbus/isotp/CMakeFiles/subsys__canbus__isotp.dir/isotp.c.obj
[79/135] Linking C static library zephyr/subsys/canbus/isotp/libsubsys__canbus__isotp.a
[80/135] Building C object zephyr/subsys/net/CMakeFiles/subsys__net.dir/buf.c.obj
[81/135] Building C object zephyr/subsys/net/CMakeFiles/subsys__net.dir/buf_simple.c.obj
[82/135] Linking C static library zephyr/subsys/net/libsubsys__net.a
[83/135] Building C object zephyr/drivers/can/CMakeFiles/drivers__can.dir/can_common.c.obj
[84/135] Building C object zephyr/drivers/entropy/CMakeFiles/drivers__entropy.dir/fake_entropy_native_posix.c.obj
[85/135] Building C object zephyr/drivers/console/CMakeFiles/drivers__console.dir/posix_arch_console.c.obj
[86/135] Linking C static library zephyr/drivers/console/libdrivers__console.a
[87/135] Linking C static library zephyr/drivers/entropy/libdrivers__entropy.a
[88/135] Building C object zephyr/drivers/can/CMakeFiles/drivers__can.dir/can_loopback.c.obj
[89/135] Building C object zephyr/drivers/hwinfo/CMakeFiles/drivers__hwinfo.dir/hwinfo_weak_impl.c.obj
[90/135] Linking C static library zephyr/drivers/can/libdrivers__can.a
[91/135] Building C object zephyr/drivers/timer/CMakeFiles/drivers__timer.dir/sys_clock_init.c.obj
[92/135] Linking C static library zephyr/drivers/hwinfo/libdrivers__hwinfo.a
[93/135] Building C object zephyr/drivers/timer/CMakeFiles/drivers__timer.dir/native_posix_timer.c.obj
[94/135] Linking C static library zephyr/drivers/timer/libdrivers__timer.a
[95/135] Building C object modules/thingset-node-c/src/CMakeFiles/thingset.dir/thingset.c.obj
[96/135] Building C object modules/thingset-node-c/src/CMakeFiles/thingset.dir/thingset_bin.c.obj
[97/135] Building C object modules/thingset-node-c/src/CMakeFiles/thingset.dir/thingset_common.c.obj
[98/135] Building C object modules/zcbor/CMakeFiles/modules__zcbor.dir/home/gaz/thingset-zephyr-sdk/modules/lib/zcbor/src/zcbor_common.c.obj
[99/135] Building C object modules/zcbor/CMakeFiles/modules__zcbor.dir/home/gaz/thingset-zephyr-sdk/modules/lib/zcbor/src/zcbor_encode.c.obj
[100/135] Building C object modules/thingset-node-c/src/CMakeFiles/thingset.dir/thingset_txt.c.obj
[101/135] Building C object modules/zcbor/CMakeFiles/modules__zcbor.dir/home/gaz/thingset-zephyr-sdk/modules/lib/zcbor/src/zcbor_decode.c.obj
[102/135] Linking C static library modules/thingset-node-c/src/libthingset.a
[103/135] Linking C static library modules/zcbor/libmodules__zcbor.a
[104/135] Building C object zephyr/kernel/CMakeFiles/kernel.dir/main_weak.c.obj
[105/135] Building C object zephyr/kernel/CMakeFiles/kernel.dir/banner.c.obj
[106/135] Building C object zephyr/kernel/CMakeFiles/kernel.dir/errno.c.obj
[107/135] Building C object zephyr/kernel/CMakeFiles/kernel.dir/device.c.obj
[108/135] Building C object zephyr/kernel/CMakeFiles/kernel.dir/init.c.obj
[109/135] Building C object zephyr/kernel/CMakeFiles/kernel.dir/fatal.c.obj
[110/135] Building C object zephyr/kernel/CMakeFiles/kernel.dir/mem_slab.c.obj
[111/135] Building C object zephyr/kernel/CMakeFiles/kernel.dir/version.c.obj
[112/135] Building C object zephyr/kernel/CMakeFiles/kernel.dir/kheap.c.obj
[113/135] Building C object zephyr/kernel/CMakeFiles/kernel.dir/idle.c.obj
[114/135] Building C object zephyr/kernel/CMakeFiles/kernel.dir/thread.c.obj
[115/135] Building C object zephyr/kernel/CMakeFiles/kernel.dir/mailbox.c.obj
[116/135] Building C object zephyr/kernel/CMakeFiles/kernel.dir/msg_q.c.obj
[117/135] Building C object zephyr/kernel/CMakeFiles/kernel.dir/mutex.c.obj
[118/135] Building C object zephyr/kernel/CMakeFiles/kernel.dir/queue.c.obj
[119/135] Building C object zephyr/kernel/CMakeFiles/kernel.dir/sem.c.obj
[120/135] Building C object zephyr/kernel/CMakeFiles/kernel.dir/stack.c.obj
[121/135] Building C object zephyr/kernel/CMakeFiles/kernel.dir/system_work_q.c.obj
[122/135] Building C object zephyr/kernel/CMakeFiles/kernel.dir/condvar.c.obj
[123/135] Building C object zephyr/kernel/CMakeFiles/kernel.dir/timeout.c.obj
[124/135] Building C object zephyr/kernel/CMakeFiles/kernel.dir/work.c.obj
[125/135] Building C object zephyr/kernel/CMakeFiles/kernel.dir/timer.c.obj
[126/135] Building C object zephyr/kernel/CMakeFiles/kernel.dir/poll.c.obj
[127/135] Building C object zephyr/kernel/CMakeFiles/kernel.dir/events.c.obj
[128/135] Building C object zephyr/kernel/CMakeFiles/kernel.dir/sched.c.obj
[129/135] Building C object zephyr/kernel/CMakeFiles/kernel.dir/mempool.c.obj
[130/135] Linking C static library zephyr/kernel/libkernel.a
[131/135] Linking C executable zephyr/zephyr_pre0.elf

[132/135] Generating dev_handles.c
[133/135] Building C object zephyr/CMakeFiles/zephyr_pre1.dir/misc/empty_file.c.obj
[134/135] Building C object zephyr/CMakeFiles/zephyr_pre1.dir/dev_handles.c.obj
[135/135] Linking C executable zephyr/zephyr.elf

